Command line invocation:
    /Applications/Xcode.app/Contents/Developer/usr/bin/xcodebuild clean build -project PurityHelp.xcodeproj -scheme PurityHelp -destination "generic/platform=iOS Simulator"

CreateBuildRequest

SendProjectDescription

CreateBuildOperation

** CLEAN SUCCEEDED **

ComputePackagePrebuildTargetDependencyGraph

Prepare packages

CreateBuildRequest

SendProjectDescription

CreateBuildOperation

ComputeTargetDependencyGraph
note: Building targets in dependency order
note: Target dependency graph (1 target)
    Target 'PurityHelp' in project 'PurityHelp' (no dependencies)

GatherProvisioningInputs

CreateBuildDescription

ExecuteExternalTool /Applications/Xcode.app/Contents/Developer/Toolchains/XcodeDefault.xctoolchain/usr/bin/clang -v -E -dM -isysroot /Applications/Xcode.app/Contents/Developer/Platforms/iPhoneSimulator.platform/Developer/SDKs/iPhoneSimulator26.2.sdk -x c -c /dev/null

ExecuteExternalTool /Applications/Xcode.app/Contents/Developer/usr/bin/actool --print-asset-tag-combinations --output-format xml1 /Users/phoenixwang/purity-help/PurityHelp/Media.xcassets

ExecuteExternalTool /Applications/Xcode.app/Contents/Developer/usr/bin/actool --version --output-format xml1

ExecuteExternalTool /Applications/Xcode.app/Contents/Developer/Toolchains/XcodeDefault.xctoolchain/usr/bin/swiftc --version

ExecuteExternalTool /Applications/Xcode.app/Contents/Developer/Toolchains/XcodeDefault.xctoolchain/usr/bin/ld -version_details

Build description signature: a2dd8fe48ae012a09e8ec3769b6a7acd
Build description path: /Users/phoenixwang/Library/Developer/Xcode/DerivedData/PurityHelp-duxeeqbvuykyykcgbcavdxcwhpqb/Build/Intermediates.noindex/XCBuildData/a2dd8fe48ae012a09e8ec3769b6a7acd.xcbuilddata
ClangStatCache /Applications/Xcode.app/Contents/Developer/Toolchains/XcodeDefault.xctoolchain/usr/bin/clang-stat-cache /Applications/Xcode.app/Contents/Developer/Platforms/iPhoneSimulator.platform/Developer/SDKs/iPhoneSimulator26.2.sdk /Users/phoenixwang/Library/Developer/Xcode/DerivedData/SDKStatCaches.noindex/iphonesimulator26.2-23C57-7d00a8b37fbd7999ea79df8ebc024bf0.sdkstatcache
    cd /Users/phoenixwang/purity-help/PurityHelp.xcodeproj
    /Applications/Xcode.app/Contents/Developer/Toolchains/XcodeDefault.xctoolchain/usr/bin/clang-stat-cache /Applications/Xcode.app/Contents/Developer/Platforms/iPhoneSimulator.platform/Developer/SDKs/iPhoneSimulator26.2.sdk -o /Users/phoenixwang/Library/Developer/Xcode/DerivedData/SDKStatCaches.noindex/iphonesimulator26.2-23C57-7d00a8b37fbd7999ea79df8ebc024bf0.sdkstatcache

CreateBuildDirectory /Users/phoenixwang/Library/Developer/Xcode/DerivedData/PurityHelp-duxeeqbvuykyykcgbcavdxcwhpqb/Build/Products
    cd /Users/phoenixwang/purity-help/PurityHelp.xcodeproj
    builtin-create-build-directory /Users/phoenixwang/Library/Developer/Xcode/DerivedData/PurityHelp-duxeeqbvuykyykcgbcavdxcwhpqb/Build/Products

CreateBuildDirectory /Users/phoenixwang/Library/Developer/Xcode/DerivedData/PurityHelp-duxeeqbvuykyykcgbcavdxcwhpqb/Build/Intermediates.noindex
    cd /Users/phoenixwang/purity-help/PurityHelp.xcodeproj
    builtin-create-build-directory /Users/phoenixwang/Library/Developer/Xcode/DerivedData/PurityHelp-duxeeqbvuykyykcgbcavdxcwhpqb/Build/Intermediates.noindex

CreateBuildDirectory /Users/phoenixwang/Library/Developer/Xcode/DerivedData/PurityHelp-duxeeqbvuykyykcgbcavdxcwhpqb/Build/Products/Debug-iphonesimulator
    cd /Users/phoenixwang/purity-help/PurityHelp.xcodeproj
    builtin-create-build-directory /Users/phoenixwang/Library/Developer/Xcode/DerivedData/PurityHelp-duxeeqbvuykyykcgbcavdxcwhpqb/Build/Products/Debug-iphonesimulator

CreateBuildDirectory /Users/phoenixwang/Library/Developer/Xcode/DerivedData/PurityHelp-duxeeqbvuykyykcgbcavdxcwhpqb/Build/Intermediates.noindex/ExplicitPrecompiledModules
    cd /Users/phoenixwang/purity-help/PurityHelp.xcodeproj
    builtin-create-build-directory /Users/phoenixwang/Library/Developer/Xcode/DerivedData/PurityHelp-duxeeqbvuykyykcgbcavdxcwhpqb/Build/Intermediates.noindex/ExplicitPrecompiledModules

CreateBuildDirectory /Users/phoenixwang/Library/Developer/Xcode/DerivedData/PurityHelp-duxeeqbvuykyykcgbcavdxcwhpqb/Build/Intermediates.noindex/SwiftExplicitPrecompiledModules
    cd /Users/phoenixwang/purity-help/PurityHelp.xcodeproj
    builtin-create-build-directory /Users/phoenixwang/Library/Developer/Xcode/DerivedData/PurityHelp-duxeeqbvuykyykcgbcavdxcwhpqb/Build/Intermediates.noindex/SwiftExplicitPrecompiledModules

CreateBuildDirectory /Users/phoenixwang/Library/Developer/Xcode/DerivedData/PurityHelp-duxeeqbvuykyykcgbcavdxcwhpqb/Build/Intermediates.noindex/EagerLinkingTBDs/Debug-iphonesimulator
    cd /Users/phoenixwang/purity-help/PurityHelp.xcodeproj
    builtin-create-build-directory /Users/phoenixwang/Library/Developer/Xcode/DerivedData/PurityHelp-duxeeqbvuykyykcgbcavdxcwhpqb/Build/Intermediates.noindex/EagerLinkingTBDs/Debug-iphonesimulator

WriteAuxiliaryFile /Users/phoenixwang/Library/Developer/Xcode/DerivedData/PurityHelp-duxeeqbvuykyykcgbcavdxcwhpqb/Build/Intermediates.noindex/PurityHelp.build/Debug-iphonesimulator/PurityHelp-2c7c57acd97dd63d052ebab59f95c3f2-VFS-iphonesimulator/all-product-headers.yaml
    cd /Users/phoenixwang/purity-help/PurityHelp.xcodeproj
    write-file /Users/phoenixwang/Library/Developer/Xcode/DerivedData/PurityHelp-duxeeqbvuykyykcgbcavdxcwhpqb/Build/Intermediates.noindex/PurityHelp.build/Debug-iphonesimulator/PurityHelp-2c7c57acd97dd63d052ebab59f95c3f2-VFS-iphonesimulator/all-product-headers.yaml

WriteAuxiliaryFile /Users/phoenixwang/Library/Developer/Xcode/DerivedData/PurityHelp-duxeeqbvuykyykcgbcavdxcwhpqb/Build/Intermediates.noindex/PurityHelp.build/Debug-iphonesimulator/PurityHelp.build/empty-PurityHelp.plist (in target 'PurityHelp' from project 'PurityHelp')
    cd /Users/phoenixwang/purity-help
    write-file /Users/phoenixwang/Library/Developer/Xcode/DerivedData/PurityHelp-duxeeqbvuykyykcgbcavdxcwhpqb/Build/Intermediates.noindex/PurityHelp.build/Debug-iphonesimulator/PurityHelp.build/empty-PurityHelp.plist

WriteAuxiliaryFile /Users/phoenixwang/Library/Developer/Xcode/DerivedData/PurityHelp-duxeeqbvuykyykcgbcavdxcwhpqb/Build/Intermediates.noindex/PurityHelp.build/Debug-iphonesimulator/PurityHelp.build/PurityHelp-project-headers.hmap (in target 'PurityHelp' from project 'PurityHelp')
    cd /Users/phoenixwang/purity-help
    write-file /Users/phoenixwang/Library/Developer/Xcode/DerivedData/PurityHelp-duxeeqbvuykyykcgbcavdxcwhpqb/Build/Intermediates.noindex/PurityHelp.build/Debug-iphonesimulator/PurityHelp.build/PurityHelp-project-headers.hmap

WriteAuxiliaryFile /Users/phoenixwang/Library/Developer/Xcode/DerivedData/PurityHelp-duxeeqbvuykyykcgbcavdxcwhpqb/Build/Intermediates.noindex/PurityHelp.build/Debug-iphonesimulator/PurityHelp.build/PurityHelp-generated-files.hmap (in target 'PurityHelp' from project 'PurityHelp')
    cd /Users/phoenixwang/purity-help
    write-file /Users/phoenixwang/Library/Developer/Xcode/DerivedData/PurityHelp-duxeeqbvuykyykcgbcavdxcwhpqb/Build/Intermediates.noindex/PurityHelp.build/Debug-iphonesimulator/PurityHelp.build/PurityHelp-generated-files.hmap

WriteAuxiliaryFile /Users/phoenixwang/Library/Developer/Xcode/DerivedData/PurityHelp-duxeeqbvuykyykcgbcavdxcwhpqb/Build/Intermediates.noindex/PurityHelp.build/Debug-iphonesimulator/PurityHelp.build/PurityHelp.hmap (in target 'PurityHelp' from project 'PurityHelp')
    cd /Users/phoenixwang/purity-help
    write-file /Users/phoenixwang/Library/Developer/Xcode/DerivedData/PurityHelp-duxeeqbvuykyykcgbcavdxcwhpqb/Build/Intermediates.noindex/PurityHelp.build/Debug-iphonesimulator/PurityHelp.build/PurityHelp.hmap

WriteAuxiliaryFile /Users/phoenixwang/Library/Developer/Xcode/DerivedData/PurityHelp-duxeeqbvuykyykcgbcavdxcwhpqb/Build/Intermediates.noindex/PurityHelp.build/Debug-iphonesimulator/PurityHelp.build/PurityHelp-own-target-headers.hmap (in target 'PurityHelp' from project 'PurityHelp')
    cd /Users/phoenixwang/purity-help
    write-file /Users/phoenixwang/Library/Developer/Xcode/DerivedData/PurityHelp-duxeeqbvuykyykcgbcavdxcwhpqb/Build/Intermediates.noindex/PurityHelp.build/Debug-iphonesimulator/PurityHelp.build/PurityHelp-own-target-headers.hmap

WriteAuxiliaryFile /Users/phoenixwang/Library/Developer/Xcode/DerivedData/PurityHelp-duxeeqbvuykyykcgbcavdxcwhpqb/Build/Intermediates.noindex/PurityHelp.build/Debug-iphonesimulator/PurityHelp.build/PurityHelp.DependencyStaticMetadataFileList (in target 'PurityHelp' from project 'PurityHelp')
    cd /Users/phoenixwang/purity-help
    write-file /Users/phoenixwang/Library/Developer/Xcode/DerivedData/PurityHelp-duxeeqbvuykyykcgbcavdxcwhpqb/Build/Intermediates.noindex/PurityHelp.build/Debug-iphonesimulator/PurityHelp.build/PurityHelp.DependencyStaticMetadataFileList

WriteAuxiliaryFile /Users/phoenixwang/Library/Developer/Xcode/DerivedData/PurityHelp-duxeeqbvuykyykcgbcavdxcwhpqb/Build/Intermediates.noindex/PurityHelp.build/Debug-iphonesimulator/PurityHelp.build/PurityHelp.DependencyMetadataFileList (in target 'PurityHelp' from project 'PurityHelp')
    cd /Users/phoenixwang/purity-help
    write-file /Users/phoenixwang/Library/Developer/Xcode/DerivedData/PurityHelp-duxeeqbvuykyykcgbcavdxcwhpqb/Build/Intermediates.noindex/PurityHelp.build/Debug-iphonesimulator/PurityHelp.build/PurityHelp.DependencyMetadataFileList

WriteAuxiliaryFile /Users/phoenixwang/Library/Developer/Xcode/DerivedData/PurityHelp-duxeeqbvuykyykcgbcavdxcwhpqb/Build/Intermediates.noindex/PurityHelp.build/Debug-iphonesimulator/PurityHelp.build/PurityHelp-all-target-headers.hmap (in target 'PurityHelp' from project 'PurityHelp')
    cd /Users/phoenixwang/purity-help
    write-file /Users/phoenixwang/Library/Developer/Xcode/DerivedData/PurityHelp-duxeeqbvuykyykcgbcavdxcwhpqb/Build/Intermediates.noindex/PurityHelp.build/Debug-iphonesimulator/PurityHelp.build/PurityHelp-all-target-headers.hmap

WriteAuxiliaryFile /Users/phoenixwang/Library/Developer/Xcode/DerivedData/PurityHelp-duxeeqbvuykyykcgbcavdxcwhpqb/Build/Intermediates.noindex/PurityHelp.build/Debug-iphonesimulator/PurityHelp.build/PurityHelp-all-non-framework-target-headers.hmap (in target 'PurityHelp' from project 'PurityHelp')
    cd /Users/phoenixwang/purity-help
    write-file /Users/phoenixwang/Library/Developer/Xcode/DerivedData/PurityHelp-duxeeqbvuykyykcgbcavdxcwhpqb/Build/Intermediates.noindex/PurityHelp.build/Debug-iphonesimulator/PurityHelp.build/PurityHelp-all-non-framework-target-headers.hmap

WriteAuxiliaryFile /Users/phoenixwang/Library/Developer/Xcode/DerivedData/PurityHelp-duxeeqbvuykyykcgbcavdxcwhpqb/Build/Intermediates.noindex/PurityHelp.build/Debug-iphonesimulator/PurityHelp.build/PurityHelp-DebugDylibPath-normal-arm64.txt (in target 'PurityHelp' from project 'PurityHelp')
    cd /Users/phoenixwang/purity-help
    write-file /Users/phoenixwang/Library/Developer/Xcode/DerivedData/PurityHelp-duxeeqbvuykyykcgbcavdxcwhpqb/Build/Intermediates.noindex/PurityHelp.build/Debug-iphonesimulator/PurityHelp.build/PurityHelp-DebugDylibPath-normal-arm64.txt

WriteAuxiliaryFile /Users/phoenixwang/Library/Developer/Xcode/DerivedData/PurityHelp-duxeeqbvuykyykcgbcavdxcwhpqb/Build/Intermediates.noindex/PurityHelp.build/Debug-iphonesimulator/PurityHelp.build/PurityHelp-DebugDylibPath-normal-x86_64.txt (in target 'PurityHelp' from project 'PurityHelp')
    cd /Users/phoenixwang/purity-help
    write-file /Users/phoenixwang/Library/Developer/Xcode/DerivedData/PurityHelp-duxeeqbvuykyykcgbcavdxcwhpqb/Build/Intermediates.noindex/PurityHelp.build/Debug-iphonesimulator/PurityHelp.build/PurityHelp-DebugDylibPath-normal-x86_64.txt

WriteAuxiliaryFile /Users/phoenixwang/Library/Developer/Xcode/DerivedData/PurityHelp-duxeeqbvuykyykcgbcavdxcwhpqb/Build/Intermediates.noindex/PurityHelp.build/Debug-iphonesimulator/PurityHelp.build/PurityHelp-DebugDylibInstallName-normal-x86_64.txt (in target 'PurityHelp' from project 'PurityHelp')
    cd /Users/phoenixwang/purity-help
    write-file /Users/phoenixwang/Library/Developer/Xcode/DerivedData/PurityHelp-duxeeqbvuykyykcgbcavdxcwhpqb/Build/Intermediates.noindex/PurityHelp.build/Debug-iphonesimulator/PurityHelp.build/PurityHelp-DebugDylibInstallName-normal-x86_64.txt

WriteAuxiliaryFile /Users/phoenixwang/Library/Developer/Xcode/DerivedData/PurityHelp-duxeeqbvuykyykcgbcavdxcwhpqb/Build/Intermediates.noindex/PurityHelp.build/Debug-iphonesimulator/PurityHelp.build/PurityHelp-DebugDylibInstallName-normal-arm64.txt (in target 'PurityHelp' from project 'PurityHelp')
    cd /Users/phoenixwang/purity-help
    write-file /Users/phoenixwang/Library/Developer/Xcode/DerivedData/PurityHelp-duxeeqbvuykyykcgbcavdxcwhpqb/Build/Intermediates.noindex/PurityHelp.build/Debug-iphonesimulator/PurityHelp.build/PurityHelp-DebugDylibInstallName-normal-arm64.txt

WriteAuxiliaryFile /Users/phoenixwang/Library/Developer/Xcode/DerivedData/PurityHelp-duxeeqbvuykyykcgbcavdxcwhpqb/Build/Intermediates.noindex/PurityHelp.build/Debug-iphonesimulator/PurityHelp.build/Objects-normal/x86_64/PurityHelp.SwiftFileList (in target 'PurityHelp' from project 'PurityHelp')
    cd /Users/phoenixwang/purity-help
    write-file /Users/phoenixwang/Library/Developer/Xcode/DerivedData/PurityHelp-duxeeqbvuykyykcgbcavdxcwhpqb/Build/Intermediates.noindex/PurityHelp.build/Debug-iphonesimulator/PurityHelp.build/Objects-normal/x86_64/PurityHelp.SwiftFileList

WriteAuxiliaryFile /Users/phoenixwang/Library/Developer/Xcode/DerivedData/PurityHelp-duxeeqbvuykyykcgbcavdxcwhpqb/Build/Intermediates.noindex/PurityHelp.build/Debug-iphonesimulator/PurityHelp.build/Objects-normal/x86_64/PurityHelp.SwiftConstValuesFileList (in target 'PurityHelp' from project 'PurityHelp')
    cd /Users/phoenixwang/purity-help
    write-file /Users/phoenixwang/Library/Developer/Xcode/DerivedData/PurityHelp-duxeeqbvuykyykcgbcavdxcwhpqb/Build/Intermediates.noindex/PurityHelp.build/Debug-iphonesimulator/PurityHelp.build/Objects-normal/x86_64/PurityHelp.SwiftConstValuesFileList

WriteAuxiliaryFile /Users/phoenixwang/Library/Developer/Xcode/DerivedData/PurityHelp-duxeeqbvuykyykcgbcavdxcwhpqb/Build/Intermediates.noindex/PurityHelp.build/Debug-iphonesimulator/PurityHelp.build/Objects-normal/x86_64/PurityHelp_const_extract_protocols.json (in target 'PurityHelp' from project 'PurityHelp')
    cd /Users/phoenixwang/purity-help
    write-file /Users/phoenixwang/Library/Developer/Xcode/DerivedData/PurityHelp-duxeeqbvuykyykcgbcavdxcwhpqb/Build/Intermediates.noindex/PurityHelp.build/Debug-iphonesimulator/PurityHelp.build/Objects-normal/x86_64/PurityHelp_const_extract_protocols.json

WriteAuxiliaryFile /Users/phoenixwang/Library/Developer/Xcode/DerivedData/PurityHelp-duxeeqbvuykyykcgbcavdxcwhpqb/Build/Intermediates.noindex/PurityHelp.build/Debug-iphonesimulator/PurityHelp.build/Objects-normal/x86_64/PurityHelp.LinkFileList (in target 'PurityHelp' from project 'PurityHelp')
    cd /Users/phoenixwang/purity-help
    write-file /Users/phoenixwang/Library/Developer/Xcode/DerivedData/PurityHelp-duxeeqbvuykyykcgbcavdxcwhpqb/Build/Intermediates.noindex/PurityHelp.build/Debug-iphonesimulator/PurityHelp.build/Objects-normal/x86_64/PurityHelp.LinkFileList

WriteAuxiliaryFile /Users/phoenixwang/Library/Developer/Xcode/DerivedData/PurityHelp-duxeeqbvuykyykcgbcavdxcwhpqb/Build/Intermediates.noindex/PurityHelp.build/Debug-iphonesimulator/PurityHelp.build/Objects-normal/x86_64/PurityHelp-OutputFileMap.json (in target 'PurityHelp' from project 'PurityHelp')
    cd /Users/phoenixwang/purity-help
    write-file /Users/phoenixwang/Library/Developer/Xcode/DerivedData/PurityHelp-duxeeqbvuykyykcgbcavdxcwhpqb/Build/Intermediates.noindex/PurityHelp.build/Debug-iphonesimulator/PurityHelp.build/Objects-normal/x86_64/PurityHelp-OutputFileMap.json

WriteAuxiliaryFile /Users/phoenixwang/Library/Developer/Xcode/DerivedData/PurityHelp-duxeeqbvuykyykcgbcavdxcwhpqb/Build/Intermediates.noindex/PurityHelp.build/Debug-iphonesimulator/PurityHelp.build/Objects-normal/arm64/PurityHelp_const_extract_protocols.json (in target 'PurityHelp' from project 'PurityHelp')
    cd /Users/phoenixwang/purity-help
    write-file /Users/phoenixwang/Library/Developer/Xcode/DerivedData/PurityHelp-duxeeqbvuykyykcgbcavdxcwhpqb/Build/Intermediates.noindex/PurityHelp.build/Debug-iphonesimulator/PurityHelp.build/Objects-normal/arm64/PurityHelp_const_extract_protocols.json

WriteAuxiliaryFile /Users/phoenixwang/Library/Developer/Xcode/DerivedData/PurityHelp-duxeeqbvuykyykcgbcavdxcwhpqb/Build/Intermediates.noindex/PurityHelp.build/Debug-iphonesimulator/PurityHelp.build/Objects-normal/arm64/PurityHelp.SwiftFileList (in target 'PurityHelp' from project 'PurityHelp')
    cd /Users/phoenixwang/purity-help
    write-file /Users/phoenixwang/Library/Developer/Xcode/DerivedData/PurityHelp-duxeeqbvuykyykcgbcavdxcwhpqb/Build/Intermediates.noindex/PurityHelp.build/Debug-iphonesimulator/PurityHelp.build/Objects-normal/arm64/PurityHelp.SwiftFileList

WriteAuxiliaryFile /Users/phoenixwang/Library/Developer/Xcode/DerivedData/PurityHelp-duxeeqbvuykyykcgbcavdxcwhpqb/Build/Intermediates.noindex/PurityHelp.build/Debug-iphonesimulator/PurityHelp.build/Objects-normal/arm64/PurityHelp.SwiftConstValuesFileList (in target 'PurityHelp' from project 'PurityHelp')
    cd /Users/phoenixwang/purity-help
    write-file /Users/phoenixwang/Library/Developer/Xcode/DerivedData/PurityHelp-duxeeqbvuykyykcgbcavdxcwhpqb/Build/Intermediates.noindex/PurityHelp.build/Debug-iphonesimulator/PurityHelp.build/Objects-normal/arm64/PurityHelp.SwiftConstValuesFileList

WriteAuxiliaryFile /Users/phoenixwang/Library/Developer/Xcode/DerivedData/PurityHelp-duxeeqbvuykyykcgbcavdxcwhpqb/Build/Intermediates.noindex/PurityHelp.build/Debug-iphonesimulator/PurityHelp.build/Objects-normal/arm64/PurityHelp.LinkFileList (in target 'PurityHelp' from project 'PurityHelp')
    cd /Users/phoenixwang/purity-help
    write-file /Users/phoenixwang/Library/Developer/Xcode/DerivedData/PurityHelp-duxeeqbvuykyykcgbcavdxcwhpqb/Build/Intermediates.noindex/PurityHelp.build/Debug-iphonesimulator/PurityHelp.build/Objects-normal/arm64/PurityHelp.LinkFileList

WriteAuxiliaryFile /Users/phoenixwang/Library/Developer/Xcode/DerivedData/PurityHelp-duxeeqbvuykyykcgbcavdxcwhpqb/Build/Intermediates.noindex/PurityHelp.build/Debug-iphonesimulator/PurityHelp.build/Objects-normal/arm64/PurityHelp-OutputFileMap.json (in target 'PurityHelp' from project 'PurityHelp')
    cd /Users/phoenixwang/purity-help
    write-file /Users/phoenixwang/Library/Developer/Xcode/DerivedData/PurityHelp-duxeeqbvuykyykcgbcavdxcwhpqb/Build/Intermediates.noindex/PurityHelp.build/Debug-iphonesimulator/PurityHelp.build/Objects-normal/arm64/PurityHelp-OutputFileMap.json

MkDir /Users/phoenixwang/Library/Developer/Xcode/DerivedData/PurityHelp-duxeeqbvuykyykcgbcavdxcwhpqb/Build/Products/Debug-iphonesimulator/PurityHelp.app (in target 'PurityHelp' from project 'PurityHelp')
    cd /Users/phoenixwang/purity-help
    /bin/mkdir -p /Users/phoenixwang/Library/Developer/Xcode/DerivedData/PurityHelp-duxeeqbvuykyykcgbcavdxcwhpqb/Build/Products/Debug-iphonesimulator/PurityHelp.app

WriteAuxiliaryFile /Users/phoenixwang/Library/Developer/Xcode/DerivedData/PurityHelp-duxeeqbvuykyykcgbcavdxcwhpqb/Build/Intermediates.noindex/PurityHelp.build/Debug-iphonesimulator/PurityHelp.build/DerivedSources/Entitlements-Simulated.plist (in target 'PurityHelp' from project 'PurityHelp')
    cd /Users/phoenixwang/purity-help
    write-file /Users/phoenixwang/Library/Developer/Xcode/DerivedData/PurityHelp-duxeeqbvuykyykcgbcavdxcwhpqb/Build/Intermediates.noindex/PurityHelp.build/Debug-iphonesimulator/PurityHelp.build/DerivedSources/Entitlements-Simulated.plist

ProcessProductPackaging "" /Users/phoenixwang/Library/Developer/Xcode/DerivedData/PurityHelp-duxeeqbvuykyykcgbcavdxcwhpqb/Build/Intermediates.noindex/PurityHelp.build/Debug-iphonesimulator/PurityHelp.build/PurityHelp.app-Simulated.xcent (in target 'PurityHelp' from project 'PurityHelp')
    cd /Users/phoenixwang/purity-help
    
    Entitlements:
    
    {
    "application-identifier" = "Y9T4RA62V7.com.purityhelp.app";
}
    
    builtin-productPackagingUtility -entitlements -format xml -o /Users/phoenixwang/Library/Developer/Xcode/DerivedData/PurityHelp-duxeeqbvuykyykcgbcavdxcwhpqb/Build/Intermediates.noindex/PurityHelp.build/Debug-iphonesimulator/PurityHelp.build/PurityHelp.app-Simulated.xcent

ProcessProductPackagingDER /Users/phoenixwang/Library/Developer/Xcode/DerivedData/PurityHelp-duxeeqbvuykyykcgbcavdxcwhpqb/Build/Intermediates.noindex/PurityHelp.build/Debug-iphonesimulator/PurityHelp.build/PurityHelp.app-Simulated.xcent /Users/phoenixwang/Library/Developer/Xcode/DerivedData/PurityHelp-duxeeqbvuykyykcgbcavdxcwhpqb/Build/Intermediates.noindex/PurityHelp.build/Debug-iphonesimulator/PurityHelp.build/PurityHelp.app-Simulated.xcent.der (in target 'PurityHelp' from project 'PurityHelp')
    cd /Users/phoenixwang/purity-help
    /usr/bin/derq query -f xml -i /Users/phoenixwang/Library/Developer/Xcode/DerivedData/PurityHelp-duxeeqbvuykyykcgbcavdxcwhpqb/Build/Intermediates.noindex/PurityHelp.build/Debug-iphonesimulator/PurityHelp.build/PurityHelp.app-Simulated.xcent -o /Users/phoenixwang/Library/Developer/Xcode/DerivedData/PurityHelp-duxeeqbvuykyykcgbcavdxcwhpqb/Build/Intermediates.noindex/PurityHelp.build/Debug-iphonesimulator/PurityHelp.build/PurityHelp.app-Simulated.xcent.der --raw

MkDir /Users/phoenixwang/Library/Developer/Xcode/DerivedData/PurityHelp-duxeeqbvuykyykcgbcavdxcwhpqb/Build/Intermediates.noindex/PurityHelp.build/Debug-iphonesimulator/PurityHelp.build/assetcatalog_output/unthinned (in target 'PurityHelp' from project 'PurityHelp')
    cd /Users/phoenixwang/purity-help
    /bin/mkdir -p /Users/phoenixwang/Library/Developer/Xcode/DerivedData/PurityHelp-duxeeqbvuykyykcgbcavdxcwhpqb/Build/Intermediates.noindex/PurityHelp.build/Debug-iphonesimulator/PurityHelp.build/assetcatalog_output/unthinned

Ld /Users/phoenixwang/Library/Developer/Xcode/DerivedData/PurityHelp-duxeeqbvuykyykcgbcavdxcwhpqb/Build/Intermediates.noindex/PurityHelp.build/Debug-iphonesimulator/PurityHelp.build/Objects-normal/x86_64/Binary/__preview.dylib normal x86_64 (in target 'PurityHelp' from project 'PurityHelp')
    cd /Users/phoenixwang/purity-help
    /Applications/Xcode.app/Contents/Developer/Toolchains/XcodeDefault.xctoolchain/usr/bin/clang -Xlinker -reproducible -target x86_64-apple-ios17.0-simulator -dynamiclib -isysroot /Applications/Xcode.app/Contents/Developer/Platforms/iPhoneSimulator.platform/Developer/SDKs/iPhoneSimulator26.2.sdk -O0 -L/Users/phoenixwang/Library/Developer/Xcode/DerivedData/PurityHelp-duxeeqbvuykyykcgbcavdxcwhpqb/Build/Products/Debug-iphonesimulator -F/Users/phoenixwang/Library/Developer/Xcode/DerivedData/PurityHelp-duxeeqbvuykyykcgbcavdxcwhpqb/Build/Products/Debug-iphonesimulator -install_name @rpath/PurityHelp.debug.dylib -dead_strip -rdynamic -Xlinker -no_deduplicate -Xlinker -objc_abi_version -Xlinker 2 -Xlinker -dependency_info -Xlinker /Users/phoenixwang/Library/Developer/Xcode/DerivedData/PurityHelp-duxeeqbvuykyykcgbcavdxcwhpqb/Build/Intermediates.noindex/PurityHelp.build/Debug-iphonesimulator/PurityHelp.build/Objects-normal/x86_64/PurityHelp_dependency_info.dat -Xlinker -sectcreate -Xlinker __TEXT -Xlinker __entitlements -Xlinker /Users/phoenixwang/Library/Developer/Xcode/DerivedData/PurityHelp-duxeeqbvuykyykcgbcavdxcwhpqb/Build/Intermediates.noindex/PurityHelp.build/Debug-iphonesimulator/PurityHelp.build/PurityHelp.app-Simulated.xcent -Xlinker -sectcreate -Xlinker __TEXT -Xlinker __ents_der -Xlinker /Users/phoenixwang/Library/Developer/Xcode/DerivedData/PurityHelp-duxeeqbvuykyykcgbcavdxcwhpqb/Build/Intermediates.noindex/PurityHelp.build/Debug-iphonesimulator/PurityHelp.build/PurityHelp.app-Simulated.xcent.der -Xlinker -no_adhoc_codesign -o /Users/phoenixwang/Library/Developer/Xcode/DerivedData/PurityHelp-duxeeqbvuykyykcgbcavdxcwhpqb/Build/Intermediates.noindex/PurityHelp.build/Debug-iphonesimulator/PurityHelp.build/Objects-normal/x86_64/Binary/__preview.dylib

Ld /Users/phoenixwang/Library/Developer/Xcode/DerivedData/PurityHelp-duxeeqbvuykyykcgbcavdxcwhpqb/Build/Intermediates.noindex/PurityHelp.build/Debug-iphonesimulator/PurityHelp.build/Objects-normal/arm64/Binary/__preview.dylib normal arm64 (in target 'PurityHelp' from project 'PurityHelp')
    cd /Users/phoenixwang/purity-help
    /Applications/Xcode.app/Contents/Developer/Toolchains/XcodeDefault.xctoolchain/usr/bin/clang -Xlinker -reproducible -target arm64-apple-ios17.0-simulator -dynamiclib -isysroot /Applications/Xcode.app/Contents/Developer/Platforms/iPhoneSimulator.platform/Developer/SDKs/iPhoneSimulator26.2.sdk -O0 -L/Users/phoenixwang/Library/Developer/Xcode/DerivedData/PurityHelp-duxeeqbvuykyykcgbcavdxcwhpqb/Build/Products/Debug-iphonesimulator -F/Users/phoenixwang/Library/Developer/Xcode/DerivedData/PurityHelp-duxeeqbvuykyykcgbcavdxcwhpqb/Build/Products/Debug-iphonesimulator -install_name @rpath/PurityHelp.debug.dylib -dead_strip -rdynamic -Xlinker -no_deduplicate -Xlinker -objc_abi_version -Xlinker 2 -Xlinker -dependency_info -Xlinker /Users/phoenixwang/Library/Developer/Xcode/DerivedData/PurityHelp-duxeeqbvuykyykcgbcavdxcwhpqb/Build/Intermediates.noindex/PurityHelp.build/Debug-iphonesimulator/PurityHelp.build/Objects-normal/arm64/PurityHelp_dependency_info.dat -Xlinker -sectcreate -Xlinker __TEXT -Xlinker __entitlements -Xlinker /Users/phoenixwang/Library/Developer/Xcode/DerivedData/PurityHelp-duxeeqbvuykyykcgbcavdxcwhpqb/Build/Intermediates.noindex/PurityHelp.build/Debug-iphonesimulator/PurityHelp.build/PurityHelp.app-Simulated.xcent -Xlinker -sectcreate -Xlinker __TEXT -Xlinker __ents_der -Xlinker /Users/phoenixwang/Library/Developer/Xcode/DerivedData/PurityHelp-duxeeqbvuykyykcgbcavdxcwhpqb/Build/Intermediates.noindex/PurityHelp.build/Debug-iphonesimulator/PurityHelp.build/PurityHelp.app-Simulated.xcent.der -Xlinker -no_adhoc_codesign -o /Users/phoenixwang/Library/Developer/Xcode/DerivedData/PurityHelp-duxeeqbvuykyykcgbcavdxcwhpqb/Build/Intermediates.noindex/PurityHelp.build/Debug-iphonesimulator/PurityHelp.build/Objects-normal/arm64/Binary/__preview.dylib

MkDir /Users/phoenixwang/Library/Developer/Xcode/DerivedData/PurityHelp-duxeeqbvuykyykcgbcavdxcwhpqb/Build/Intermediates.noindex/PurityHelp.build/Debug-iphonesimulator/PurityHelp.build/assetcatalog_output/thinned (in target 'PurityHelp' from project 'PurityHelp')
    cd /Users/phoenixwang/purity-help
    /bin/mkdir -p /Users/phoenixwang/Library/Developer/Xcode/DerivedData/PurityHelp-duxeeqbvuykyykcgbcavdxcwhpqb/Build/Intermediates.noindex/PurityHelp.build/Debug-iphonesimulator/PurityHelp.build/assetcatalog_output/thinned

GenerateAssetSymbols /Users/phoenixwang/purity-help/PurityHelp/Media.xcassets (in target 'PurityHelp' from project 'PurityHelp')
    cd /Users/phoenixwang/purity-help
    /Applications/Xcode.app/Contents/Developer/usr/bin/actool /Users/phoenixwang/purity-help/PurityHelp/Media.xcassets --compile /Users/phoenixwang/Library/Developer/Xcode/DerivedData/PurityHelp-duxeeqbvuykyykcgbcavdxcwhpqb/Build/Products/Debug-iphonesimulator/PurityHelp.app --output-format human-readable-text --notices --warnings --export-dependency-info /Users/phoenixwang/Library/Developer/Xcode/DerivedData/PurityHelp-duxeeqbvuykyykcgbcavdxcwhpqb/Build/Intermediates.noindex/PurityHelp.build/Debug-iphonesimulator/PurityHelp.build/assetcatalog_dependencies --output-partial-info-plist /Users/phoenixwang/Library/Developer/Xcode/DerivedData/PurityHelp-duxeeqbvuykyykcgbcavdxcwhpqb/Build/Intermediates.noindex/PurityHelp.build/Debug-iphonesimulator/PurityHelp.build/assetcatalog_generated_info.plist --app-icon AppIcon --compress-pngs --enable-on-demand-resources YES --development-region en --target-device iphone --target-device ipad --minimum-deployment-target 17.0 --platform iphonesimulator --bundle-identifier com.purityhelp.app --generate-swift-asset-symbol-extensions NO --generate-swift-asset-symbols /Users/phoenixwang/Library/Developer/Xcode/DerivedData/PurityHelp-duxeeqbvuykyykcgbcavdxcwhpqb/Build/Intermediates.noindex/PurityHelp.build/Debug-iphonesimulator/PurityHelp.build/DerivedSources/GeneratedAssetSymbols.swift --generate-objc-asset-symbols /Users/phoenixwang/Library/Developer/Xcode/DerivedData/PurityHelp-duxeeqbvuykyykcgbcavdxcwhpqb/Build/Intermediates.noindex/PurityHelp.build/Debug-iphonesimulator/PurityHelp.build/DerivedSources/GeneratedAssetSymbols.h --generate-asset-symbol-index /Users/phoenixwang/Library/Developer/Xcode/DerivedData/PurityHelp-duxeeqbvuykyykcgbcavdxcwhpqb/Build/Intermediates.noindex/PurityHelp.build/Debug-iphonesimulator/PurityHelp.build/DerivedSources/GeneratedAssetSymbols-Index.plist
/* com.apple.actool.compilation-results */
/Users/phoenixwang/Library/Developer/Xcode/DerivedData/PurityHelp-duxeeqbvuykyykcgbcavdxcwhpqb/Build/Intermediates.noindex/PurityHelp.build/Debug-iphonesimulator/PurityHelp.build/DerivedSources/GeneratedAssetSymbols-Index.plist
/Users/phoenixwang/Library/Developer/Xcode/DerivedData/PurityHelp-duxeeqbvuykyykcgbcavdxcwhpqb/Build/Intermediates.noindex/PurityHelp.build/Debug-iphonesimulator/PurityHelp.build/DerivedSources/GeneratedAssetSymbols.h
/Users/phoenixwang/Library/Developer/Xcode/DerivedData/PurityHelp-duxeeqbvuykyykcgbcavdxcwhpqb/Build/Intermediates.noindex/PurityHelp.build/Debug-iphonesimulator/PurityHelp.build/DerivedSources/GeneratedAssetSymbols.swift


CpResource /Users/phoenixwang/Library/Developer/Xcode/DerivedData/PurityHelp-duxeeqbvuykyykcgbcavdxcwhpqb/Build/Products/Debug-iphonesimulator/PurityHelp.app/stories.json /Users/phoenixwang/purity-help/PurityHelp/Resources/StoriesOfHope/stories.json (in target 'PurityHelp' from project 'PurityHelp')
    cd /Users/phoenixwang/purity-help
    builtin-copy -exclude .DS_Store -exclude CVS -exclude .svn -exclude .git -exclude .hg -resolve-src-symlinks /Users/phoenixwang/purity-help/PurityHelp/Resources/StoriesOfHope/stories.json /Users/phoenixwang/Library/Developer/Xcode/DerivedData/PurityHelp-duxeeqbvuykyykcgbcavdxcwhpqb/Build/Products/Debug-iphonesimulator/PurityHelp.app

CpResource /Users/phoenixwang/Library/Developer/Xcode/DerivedData/PurityHelp-duxeeqbvuykyykcgbcavdxcwhpqb/Build/Products/Debug-iphonesimulator/PurityHelp.app/liturgies.json /Users/phoenixwang/purity-help/PurityHelp/Resources/Prayers/liturgies.json (in target 'PurityHelp' from project 'PurityHelp')
    cd /Users/phoenixwang/purity-help
    builtin-copy -exclude .DS_Store -exclude CVS -exclude .svn -exclude .git -exclude .hg -resolve-src-symlinks /Users/phoenixwang/purity-help/PurityHelp/Resources/Prayers/liturgies.json /Users/phoenixwang/Library/Developer/Xcode/DerivedData/PurityHelp-duxeeqbvuykyykcgbcavdxcwhpqb/Build/Products/Debug-iphonesimulator/PurityHelp.app

CpResource /Users/phoenixwang/Library/Developer/Xcode/DerivedData/PurityHelp-duxeeqbvuykyykcgbcavdxcwhpqb/Build/Products/Debug-iphonesimulator/PurityHelp.app/daily_scripture.json /Users/phoenixwang/purity-help/PurityHelp/Resources/Scripture/daily_scripture.json (in target 'PurityHelp' from project 'PurityHelp')
    cd /Users/phoenixwang/purity-help
    builtin-copy -exclude .DS_Store -exclude CVS -exclude .svn -exclude .git -exclude .hg -resolve-src-symlinks /Users/phoenixwang/purity-help/PurityHelp/Resources/Scripture/daily_scripture.json /Users/phoenixwang/Library/Developer/Xcode/DerivedData/PurityHelp-duxeeqbvuykyykcgbcavdxcwhpqb/Build/Products/Debug-iphonesimulator/PurityHelp.app

CpResource /Users/phoenixwang/Library/Developer/Xcode/DerivedData/PurityHelp-duxeeqbvuykyykcgbcavdxcwhpqb/Build/Products/Debug-iphonesimulator/PurityHelp.app/Vigil.md /Users/phoenixwang/purity-help/PurityHelp/Resources/Prayers/Vigil.md (in target 'PurityHelp' from project 'PurityHelp')
    cd /Users/phoenixwang/purity-help
    builtin-copy -exclude .DS_Store -exclude CVS -exclude .svn -exclude .git -exclude .hg -resolve-src-symlinks /Users/phoenixwang/purity-help/PurityHelp/Resources/Prayers/Vigil.md /Users/phoenixwang/Library/Developer/Xcode/DerivedData/PurityHelp-duxeeqbvuykyykcgbcavdxcwhpqb/Build/Products/Debug-iphonesimulator/PurityHelp.app

CpResource /Users/phoenixwang/Library/Developer/Xcode/DerivedData/PurityHelp-duxeeqbvuykyykcgbcavdxcwhpqb/Build/Products/Debug-iphonesimulator/PurityHelp.app/README.md /Users/phoenixwang/purity-help/PurityHelp/Resources/StoriesOfHope/README.md (in target 'PurityHelp' from project 'PurityHelp')
    cd /Users/phoenixwang/purity-help
    builtin-copy -exclude .DS_Store -exclude CVS -exclude .svn -exclude .git -exclude .hg -resolve-src-symlinks /Users/phoenixwang/purity-help/PurityHelp/Resources/StoriesOfHope/README.md /Users/phoenixwang/Library/Developer/Xcode/DerivedData/PurityHelp-duxeeqbvuykyykcgbcavdxcwhpqb/Build/Products/Debug-iphonesimulator/PurityHelp.app

CopyPNGFile /Users/phoenixwang/Library/Developer/Xcode/DerivedData/PurityHelp-duxeeqbvuykyykcgbcavdxcwhpqb/Build/Products/Debug-iphonesimulator/PurityHelp.app/tree.png /Users/phoenixwang/purity-help/PurityHelp/Resources/tree.png (in target 'PurityHelp' from project 'PurityHelp')
    cd /Users/phoenixwang/purity-help
    /Applications/Xcode.app/Contents/Developer/usr/bin/copypng -compress -strip-PNG-text /Users/phoenixwang/purity-help/PurityHelp/Resources/tree.png /Users/phoenixwang/Library/Developer/Xcode/DerivedData/PurityHelp-duxeeqbvuykyykcgbcavdxcwhpqb/Build/Products/Debug-iphonesimulator/PurityHelp.app/tree.png

CopyPNGFile /Users/phoenixwang/Library/Developer/Xcode/DerivedData/PurityHelp-duxeeqbvuykyykcgbcavdxcwhpqb/Build/Products/Debug-iphonesimulator/PurityHelp.app/sprout.png /Users/phoenixwang/purity-help/PurityHelp/Resources/sprout.png (in target 'PurityHelp' from project 'PurityHelp')
    cd /Users/phoenixwang/purity-help
    /Applications/Xcode.app/Contents/Developer/usr/bin/copypng -compress -strip-PNG-text /Users/phoenixwang/purity-help/PurityHelp/Resources/sprout.png /Users/phoenixwang/Library/Developer/Xcode/DerivedData/PurityHelp-duxeeqbvuykyykcgbcavdxcwhpqb/Build/Products/Debug-iphonesimulator/PurityHelp.app/sprout.png

CopyPNGFile /Users/phoenixwang/Library/Developer/Xcode/DerivedData/PurityHelp-duxeeqbvuykyykcgbcavdxcwhpqb/Build/Products/Debug-iphonesimulator/PurityHelp.app/seedling.png /Users/phoenixwang/purity-help/PurityHelp/Resources/seedling.png (in target 'PurityHelp' from project 'PurityHelp')
    cd /Users/phoenixwang/purity-help
    /Applications/Xcode.app/Contents/Developer/usr/bin/copypng -compress -strip-PNG-text /Users/phoenixwang/purity-help/PurityHelp/Resources/seedling.png /Users/phoenixwang/Library/Developer/Xcode/DerivedData/PurityHelp-duxeeqbvuykyykcgbcavdxcwhpqb/Build/Products/Debug-iphonesimulator/PurityHelp.app/seedling.png

CopyPNGFile /Users/phoenixwang/Library/Developer/Xcode/DerivedData/PurityHelp-duxeeqbvuykyykcgbcavdxcwhpqb/Build/Products/Debug-iphonesimulator/PurityHelp.app/mature.png /Users/phoenixwang/purity-help/PurityHelp/Resources/mature.png (in target 'PurityHelp' from project 'PurityHelp')
    cd /Users/phoenixwang/purity-help
    /Applications/Xcode.app/Contents/Developer/usr/bin/copypng -compress -strip-PNG-text /Users/phoenixwang/purity-help/PurityHelp/Resources/mature.png /Users/phoenixwang/Library/Developer/Xcode/DerivedData/PurityHelp-duxeeqbvuykyykcgbcavdxcwhpqb/Build/Products/Debug-iphonesimulator/PurityHelp.app/mature.png

CopyPNGFile /Users/phoenixwang/Library/Developer/Xcode/DerivedData/PurityHelp-duxeeqbvuykyykcgbcavdxcwhpqb/Build/Products/Debug-iphonesimulator/PurityHelp.app/sapling.png /Users/phoenixwang/purity-help/PurityHelp/Resources/sapling.png (in target 'PurityHelp' from project 'PurityHelp')
    cd /Users/phoenixwang/purity-help
    /Applications/Xcode.app/Contents/Developer/usr/bin/copypng -compress -strip-PNG-text /Users/phoenixwang/purity-help/PurityHelp/Resources/sapling.png /Users/phoenixwang/Library/Developer/Xcode/DerivedData/PurityHelp-duxeeqbvuykyykcgbcavdxcwhpqb/Build/Products/Debug-iphonesimulator/PurityHelp.app/sapling.png

CopyPNGFile /Users/phoenixwang/Library/Developer/Xcode/DerivedData/PurityHelp-duxeeqbvuykyykcgbcavdxcwhpqb/Build/Products/Debug-iphonesimulator/PurityHelp.app/Gemini_Generated_Image_7dtj9d7dtj9d7dtj.png /Users/phoenixwang/purity-help/PurityHelp/Assets/Gemini_Generated_Image_7dtj9d7dtj9d7dtj.png (in target 'PurityHelp' from project 'PurityHelp')
    cd /Users/phoenixwang/purity-help
    /Applications/Xcode.app/Contents/Developer/usr/bin/copypng -compress -strip-PNG-text /Users/phoenixwang/purity-help/PurityHelp/Assets/Gemini_Generated_Image_7dtj9d7dtj9d7dtj.png /Users/phoenixwang/Library/Developer/Xcode/DerivedData/PurityHelp-duxeeqbvuykyykcgbcavdxcwhpqb/Build/Products/Debug-iphonesimulator/PurityHelp.app/Gemini_Generated_Image_7dtj9d7dtj9d7dtj.png

CompileAssetCatalogVariant thinned /Users/phoenixwang/Library/Developer/Xcode/DerivedData/PurityHelp-duxeeqbvuykyykcgbcavdxcwhpqb/Build/Products/Debug-iphonesimulator/PurityHelp.app /Users/phoenixwang/purity-help/PurityHelp/Media.xcassets (in target 'PurityHelp' from project 'PurityHelp')
    cd /Users/phoenixwang/purity-help
    /Applications/Xcode.app/Contents/Developer/usr/bin/actool /Users/phoenixwang/purity-help/PurityHelp/Media.xcassets --compile /Users/phoenixwang/Library/Developer/Xcode/DerivedData/PurityHelp-duxeeqbvuykyykcgbcavdxcwhpqb/Build/Intermediates.noindex/PurityHelp.build/Debug-iphonesimulator/PurityHelp.build/assetcatalog_output/thinned --output-format human-readable-text --notices --warnings --export-dependency-info /Users/phoenixwang/Library/Developer/Xcode/DerivedData/PurityHelp-duxeeqbvuykyykcgbcavdxcwhpqb/Build/Intermediates.noindex/PurityHelp.build/Debug-iphonesimulator/PurityHelp.build/assetcatalog_dependencies_thinned --output-partial-info-plist /Users/phoenixwang/Library/Developer/Xcode/DerivedData/PurityHelp-duxeeqbvuykyykcgbcavdxcwhpqb/Build/Intermediates.noindex/PurityHelp.build/Debug-iphonesimulator/PurityHelp.build/assetcatalog_generated_info.plist_thinned --app-icon AppIcon --compress-pngs --enable-on-demand-resources YES --development-region en --target-device iphone --target-device ipad --minimum-deployment-target 17.0 --platform iphonesimulator

CreateUniversalBinary /Users/phoenixwang/Library/Developer/Xcode/DerivedData/PurityHelp-duxeeqbvuykyykcgbcavdxcwhpqb/Build/Products/Debug-iphonesimulator/PurityHelp.app/__preview.dylib normal arm64\ x86_64 (in target 'PurityHelp' from project 'PurityHelp')
    cd /Users/phoenixwang/purity-help
    /Applications/Xcode.app/Contents/Developer/Toolchains/XcodeDefault.xctoolchain/usr/bin/lipo -create /Users/phoenixwang/Library/Developer/Xcode/DerivedData/PurityHelp-duxeeqbvuykyykcgbcavdxcwhpqb/Build/Intermediates.noindex/PurityHelp.build/Debug-iphonesimulator/PurityHelp.build/Objects-normal/arm64/Binary/__preview.dylib /Users/phoenixwang/Library/Developer/Xcode/DerivedData/PurityHelp-duxeeqbvuykyykcgbcavdxcwhpqb/Build/Intermediates.noindex/PurityHelp.build/Debug-iphonesimulator/PurityHelp.build/Objects-normal/x86_64/Binary/__preview.dylib -output /Users/phoenixwang/Library/Developer/Xcode/DerivedData/PurityHelp-duxeeqbvuykyykcgbcavdxcwhpqb/Build/Products/Debug-iphonesimulator/PurityHelp.app/__preview.dylib

SwiftDriver PurityHelp normal x86_64 com.apple.xcode.tools.swift.compiler (in target 'PurityHelp' from project 'PurityHelp')
    cd /Users/phoenixwang/purity-help
    builtin-SwiftDriver -- /Applications/Xcode.app/Contents/Developer/Toolchains/XcodeDefault.xctoolchain/usr/bin/swiftc -module-name PurityHelp -Onone -enforce-exclusivity\=checked @/Users/phoenixwang/Library/Developer/Xcode/DerivedData/PurityHelp-duxeeqbvuykyykcgbcavdxcwhpqb/Build/Intermediates.noindex/PurityHelp.build/Debug-iphonesimulator/PurityHelp.build/Objects-normal/x86_64/PurityHelp.SwiftFileList -DDEBUG -enable-bare-slash-regex -enable-experimental-feature DebugDescriptionMacro -sdk /Applications/Xcode.app/Contents/Developer/Platforms/iPhoneSimulator.platform/Developer/SDKs/iPhoneSimulator26.2.sdk -target x86_64-apple-ios17.0-simulator -g -module-cache-path /Users/phoenixwang/Library/Developer/Xcode/DerivedData/ModuleCache.noindex -Xfrontend -serialize-debugging-options -enable-testing -index-store-path /Users/phoenixwang/Library/Developer/Xcode/DerivedData/PurityHelp-duxeeqbvuykyykcgbcavdxcwhpqb/Index.noindex/DataStore -Xcc -D_LIBCPP_HARDENING_MODE\=_LIBCPP_HARDENING_MODE_DEBUG -swift-version 5 -I /Users/phoenixwang/Library/Developer/Xcode/DerivedData/PurityHelp-duxeeqbvuykyykcgbcavdxcwhpqb/Build/Products/Debug-iphonesimulator -F /Users/phoenixwang/Library/Developer/Xcode/DerivedData/PurityHelp-duxeeqbvuykyykcgbcavdxcwhpqb/Build/Products/Debug-iphonesimulator -c -j10 -enable-batch-mode -incremental -Xcc -ivfsstatcache -Xcc /Users/phoenixwang/Library/Developer/Xcode/DerivedData/SDKStatCaches.noindex/iphonesimulator26.2-23C57-7d00a8b37fbd7999ea79df8ebc024bf0.sdkstatcache -output-file-map /Users/phoenixwang/Library/Developer/Xcode/DerivedData/PurityHelp-duxeeqbvuykyykcgbcavdxcwhpqb/Build/Intermediates.noindex/PurityHelp.build/Debug-iphonesimulator/PurityHelp.build/Objects-normal/x86_64/PurityHelp-OutputFileMap.json -use-frontend-parseable-output -save-temps -no-color-diagnostics -explicit-module-build -module-cache-path /Users/phoenixwang/Library/Developer/Xcode/DerivedData/PurityHelp-duxeeqbvuykyykcgbcavdxcwhpqb/Build/Intermediates.noindex/SwiftExplicitPrecompiledModules -clang-scanner-module-cache-path /Users/phoenixwang/Library/Developer/Xcode/DerivedData/ModuleCache.noindex -sdk-module-cache-path /Users/phoenixwang/Library/Developer/Xcode/DerivedData/ModuleCache.noindex -serialize-diagnostics -emit-dependencies -emit-module -emit-module-path /Users/phoenixwang/Library/Developer/Xcode/DerivedData/PurityHelp-duxeeqbvuykyykcgbcavdxcwhpqb/Build/Intermediates.noindex/PurityHelp.build/Debug-iphonesimulator/PurityHelp.build/Objects-normal/x86_64/PurityHelp.swiftmodule -validate-clang-modules-once -clang-build-session-file /Users/phoenixwang/Library/Developer/Xcode/DerivedData/ModuleCache.noindex/Session.modulevalidation -Xcc -I/Users/phoenixwang/Library/Developer/Xcode/DerivedData/PurityHelp-duxeeqbvuykyykcgbcavdxcwhpqb/Build/Intermediates.noindex/PurityHelp.build/Debug-iphonesimulator/PurityHelp.build/swift-overrides.hmap -emit-const-values -Xfrontend -const-gather-protocols-file -Xfrontend /Users/phoenixwang/Library/Developer/Xcode/DerivedData/PurityHelp-duxeeqbvuykyykcgbcavdxcwhpqb/Build/Intermediates.noindex/PurityHelp.build/Debug-iphonesimulator/PurityHelp.build/Objects-normal/x86_64/PurityHelp_const_extract_protocols.json -Xcc -iquote -Xcc /Users/phoenixwang/Library/Developer/Xcode/DerivedData/PurityHelp-duxeeqbvuykyykcgbcavdxcwhpqb/Build/Intermediates.noindex/PurityHelp.build/Debug-iphonesimulator/PurityHelp.build/PurityHelp-generated-files.hmap -Xcc -I/Users/phoenixwang/Library/Developer/Xcode/DerivedData/PurityHelp-duxeeqbvuykyykcgbcavdxcwhpqb/Build/Intermediates.noindex/PurityHelp.build/Debug-iphonesimulator/PurityHelp.build/PurityHelp-own-target-headers.hmap -Xcc -I/Users/phoenixwang/Library/Developer/Xcode/DerivedData/PurityHelp-duxeeqbvuykyykcgbcavdxcwhpqb/Build/Intermediates.noindex/PurityHelp.build/Debug-iphonesimulator/PurityHelp.build/PurityHelp-all-target-headers.hmap -Xcc -iquote -Xcc /Users/phoenixwang/Library/Developer/Xcode/DerivedData/PurityHelp-duxeeqbvuykyykcgbcavdxcwhpqb/Build/Intermediates.noindex/PurityHelp.build/Debug-iphonesimulator/PurityHelp.build/PurityHelp-project-headers.hmap -Xcc -I/Users/phoenixwang/Library/Developer/Xcode/DerivedData/PurityHelp-duxeeqbvuykyykcgbcavdxcwhpqb/Build/Products/Debug-iphonesimulator/include -Xcc -I/Users/phoenixwang/Library/Developer/Xcode/DerivedData/PurityHelp-duxeeqbvuykyykcgbcavdxcwhpqb/Build/Intermediates.noindex/PurityHelp.build/Debug-iphonesimulator/PurityHelp.build/DerivedSources-normal/x86_64 -Xcc -I/Users/phoenixwang/Library/Developer/Xcode/DerivedData/PurityHelp-duxeeqbvuykyykcgbcavdxcwhpqb/Build/Intermediates.noindex/PurityHelp.build/Debug-iphonesimulator/PurityHelp.build/DerivedSources/x86_64 -Xcc -I/Users/phoenixwang/Library/Developer/Xcode/DerivedData/PurityHelp-duxeeqbvuykyykcgbcavdxcwhpqb/Build/Intermediates.noindex/PurityHelp.build/Debug-iphonesimulator/PurityHelp.build/DerivedSources -Xcc -DDEBUG\=1 -emit-objc-header -emit-objc-header-path /Users/phoenixwang/Library/Developer/Xcode/DerivedData/PurityHelp-duxeeqbvuykyykcgbcavdxcwhpqb/Build/Intermediates.noindex/PurityHelp.build/Debug-iphonesimulator/PurityHelp.build/Objects-normal/x86_64/PurityHelp-Swift.h -working-directory /Users/phoenixwang/purity-help -experimental-emit-module-separately -disable-cmo
/Users/phoenixwang/purity-help/PurityHelp/Views/Settings/CloudSyncSettingsView.swift:155:9: error: Expected declaration
        .navigationTitle(accountabilityTerm)
        ^ (in target 'PurityHelp' from project 'PurityHelp')
/Users/phoenixwang/purity-help/PurityHelp/Views/Settings/CloudSyncSettingsView.swift:12:8: note: In declaration of 'CloudSyncSettingsView'
struct CloudSyncSettingsView: View {
       ^ (in target 'PurityHelp' from project 'PurityHelp')
/Users/phoenixwang/purity-help/PurityHelp/Views/Settings/CloudSyncSettingsView.swift:187:5: error: Attribute 'private' can only be used in a non-local scope
    private func generateShareLink() {
    ^ (in target 'PurityHelp' from project 'PurityHelp')
/Users/phoenixwang/purity-help/PurityHelp/Views/Settings/CloudSyncSettingsView.swift:199:5: error: Attribute 'private' can only be used in a non-local scope
    private func regenerateLink() {
    ^ (in target 'PurityHelp' from project 'PurityHelp')
/Users/phoenixwang/purity-help/PurityHelp/Views/Settings/CloudSyncSettingsView.swift:294:1: error: Expected '}' at end of brace statement

^ (in target 'PurityHelp' from project 'PurityHelp')
/Users/phoenixwang/purity-help/PurityHelp/Views/Settings/CloudSyncSettingsView.swift:166:33: note: To match this opening '{'
    private func pushFullData() {
                                ^ (in target 'PurityHelp' from project 'PurityHelp')
/Users/phoenixwang/purity-help/PurityHelp/Views/Memorization/HideInYourHeartView.swift:114:5: error: Attribute 'private' can only be used in a non-local scope
    private func removeVerse(_ verse: MemorizedVerse) {
    ^ (in target 'PurityHelp' from project 'PurityHelp')
/Users/phoenixwang/purity-help/PurityHelp/Views/Memorization/HideInYourHeartView.swift:120:5: error: Attribute 'private' can only be used in a non-local scope
    private func unlearnVerse(_ verse: MemorizedVerse) {
    ^ (in target 'PurityHelp' from project 'PurityHelp')
/Users/phoenixwang/purity-help/PurityHelp/Views/Memorization/HideInYourHeartView.swift:302:1: error: Expected '}' in struct

^ (in target 'PurityHelp' from project 'PurityHelp')
/Users/phoenixwang/purity-help/PurityHelp/Views/Memorization/HideInYourHeartView.swift:11:34: note: To match this opening '{'
struct HideInYourHeartView: View {
                                 ^ (in target 'PurityHelp' from project 'PurityHelp')

SwiftDriver PurityHelp normal arm64 com.apple.xcode.tools.swift.compiler (in target 'PurityHelp' from project 'PurityHelp')
    cd /Users/phoenixwang/purity-help
    builtin-SwiftDriver -- /Applications/Xcode.app/Contents/Developer/Toolchains/XcodeDefault.xctoolchain/usr/bin/swiftc -module-name PurityHelp -Onone -enforce-exclusivity\=checked @/Users/phoenixwang/Library/Developer/Xcode/DerivedData/PurityHelp-duxeeqbvuykyykcgbcavdxcwhpqb/Build/Intermediates.noindex/PurityHelp.build/Debug-iphonesimulator/PurityHelp.build/Objects-normal/arm64/PurityHelp.SwiftFileList -DDEBUG -enable-bare-slash-regex -enable-experimental-feature DebugDescriptionMacro -sdk /Applications/Xcode.app/Contents/Developer/Platforms/iPhoneSimulator.platform/Developer/SDKs/iPhoneSimulator26.2.sdk -target arm64-apple-ios17.0-simulator -g -module-cache-path /Users/phoenixwang/Library/Developer/Xcode/DerivedData/ModuleCache.noindex -Xfrontend -serialize-debugging-options -enable-testing -index-store-path /Users/phoenixwang/Library/Developer/Xcode/DerivedData/PurityHelp-duxeeqbvuykyykcgbcavdxcwhpqb/Index.noindex/DataStore -Xcc -D_LIBCPP_HARDENING_MODE\=_LIBCPP_HARDENING_MODE_DEBUG -swift-version 5 -I /Users/phoenixwang/Library/Developer/Xcode/DerivedData/PurityHelp-duxeeqbvuykyykcgbcavdxcwhpqb/Build/Products/Debug-iphonesimulator -F /Users/phoenixwang/Library/Developer/Xcode/DerivedData/PurityHelp-duxeeqbvuykyykcgbcavdxcwhpqb/Build/Products/Debug-iphonesimulator -c -j10 -enable-batch-mode -incremental -Xcc -ivfsstatcache -Xcc /Users/phoenixwang/Library/Developer/Xcode/DerivedData/SDKStatCaches.noindex/iphonesimulator26.2-23C57-7d00a8b37fbd7999ea79df8ebc024bf0.sdkstatcache -output-file-map /Users/phoenixwang/Library/Developer/Xcode/DerivedData/PurityHelp-duxeeqbvuykyykcgbcavdxcwhpqb/Build/Intermediates.noindex/PurityHelp.build/Debug-iphonesimulator/PurityHelp.build/Objects-normal/arm64/PurityHelp-OutputFileMap.json -use-frontend-parseable-output -save-temps -no-color-diagnostics -explicit-module-build -module-cache-path /Users/phoenixwang/Library/Developer/Xcode/DerivedData/PurityHelp-duxeeqbvuykyykcgbcavdxcwhpqb/Build/Intermediates.noindex/SwiftExplicitPrecompiledModules -clang-scanner-module-cache-path /Users/phoenixwang/Library/Developer/Xcode/DerivedData/ModuleCache.noindex -sdk-module-cache-path /Users/phoenixwang/Library/Developer/Xcode/DerivedData/ModuleCache.noindex -serialize-diagnostics -emit-dependencies -emit-module -emit-module-path /Users/phoenixwang/Library/Developer/Xcode/DerivedData/PurityHelp-duxeeqbvuykyykcgbcavdxcwhpqb/Build/Intermediates.noindex/PurityHelp.build/Debug-iphonesimulator/PurityHelp.build/Objects-normal/arm64/PurityHelp.swiftmodule -validate-clang-modules-once -clang-build-session-file /Users/phoenixwang/Library/Developer/Xcode/DerivedData/ModuleCache.noindex/Session.modulevalidation -Xcc -I/Users/phoenixwang/Library/Developer/Xcode/DerivedData/PurityHelp-duxeeqbvuykyykcgbcavdxcwhpqb/Build/Intermediates.noindex/PurityHelp.build/Debug-iphonesimulator/PurityHelp.build/swift-overrides.hmap -emit-const-values -Xfrontend -const-gather-protocols-file -Xfrontend /Users/phoenixwang/Library/Developer/Xcode/DerivedData/PurityHelp-duxeeqbvuykyykcgbcavdxcwhpqb/Build/Intermediates.noindex/PurityHelp.build/Debug-iphonesimulator/PurityHelp.build/Objects-normal/arm64/PurityHelp_const_extract_protocols.json -Xcc -iquote -Xcc /Users/phoenixwang/Library/Developer/Xcode/DerivedData/PurityHelp-duxeeqbvuykyykcgbcavdxcwhpqb/Build/Intermediates.noindex/PurityHelp.build/Debug-iphonesimulator/PurityHelp.build/PurityHelp-generated-files.hmap -Xcc -I/Users/phoenixwang/Library/Developer/Xcode/DerivedData/PurityHelp-duxeeqbvuykyykcgbcavdxcwhpqb/Build/Intermediates.noindex/PurityHelp.build/Debug-iphonesimulator/PurityHelp.build/PurityHelp-own-target-headers.hmap -Xcc -I/Users/phoenixwang/Library/Developer/Xcode/DerivedData/PurityHelp-duxeeqbvuykyykcgbcavdxcwhpqb/Build/Intermediates.noindex/PurityHelp.build/Debug-iphonesimulator/PurityHelp.build/PurityHelp-all-target-headers.hmap -Xcc -iquote -Xcc /Users/phoenixwang/Library/Developer/Xcode/DerivedData/PurityHelp-duxeeqbvuykyykcgbcavdxcwhpqb/Build/Intermediates.noindex/PurityHelp.build/Debug-iphonesimulator/PurityHelp.build/PurityHelp-project-headers.hmap -Xcc -I/Users/phoenixwang/Library/Developer/Xcode/DerivedData/PurityHelp-duxeeqbvuykyykcgbcavdxcwhpqb/Build/Products/Debug-iphonesimulator/include -Xcc -I/Users/phoenixwang/Library/Developer/Xcode/DerivedData/PurityHelp-duxeeqbvuykyykcgbcavdxcwhpqb/Build/Intermediates.noindex/PurityHelp.build/Debug-iphonesimulator/PurityHelp.build/DerivedSources-normal/arm64 -Xcc -I/Users/phoenixwang/Library/Developer/Xcode/DerivedData/PurityHelp-duxeeqbvuykyykcgbcavdxcwhpqb/Build/Intermediates.noindex/PurityHelp.build/Debug-iphonesimulator/PurityHelp.build/DerivedSources/arm64 -Xcc -I/Users/phoenixwang/Library/Developer/Xcode/DerivedData/PurityHelp-duxeeqbvuykyykcgbcavdxcwhpqb/Build/Intermediates.noindex/PurityHelp.build/Debug-iphonesimulator/PurityHelp.build/DerivedSources -Xcc -DDEBUG\=1 -emit-objc-header -emit-objc-header-path /Users/phoenixwang/Library/Developer/Xcode/DerivedData/PurityHelp-duxeeqbvuykyykcgbcavdxcwhpqb/Build/Intermediates.noindex/PurityHelp.build/Debug-iphonesimulator/PurityHelp.build/Objects-normal/arm64/PurityHelp-Swift.h -working-directory /Users/phoenixwang/purity-help -experimental-emit-module-separately -disable-cmo
/Users/phoenixwang/purity-help/PurityHelp/Views/Settings/CloudSyncSettingsView.swift:155:9: error: Expected declaration
        .navigationTitle(accountabilityTerm)
        ^ (in target 'PurityHelp' from project 'PurityHelp')
/Users/phoenixwang/purity-help/PurityHelp/Views/Settings/CloudSyncSettingsView.swift:12:8: note: In declaration of 'CloudSyncSettingsView'
struct CloudSyncSettingsView: View {
       ^ (in target 'PurityHelp' from project 'PurityHelp')
/Users/phoenixwang/purity-help/PurityHelp/Views/Settings/CloudSyncSettingsView.swift:187:5: error: Attribute 'private' can only be used in a non-local scope
    private func generateShareLink() {
    ^ (in target 'PurityHelp' from project 'PurityHelp')
/Users/phoenixwang/purity-help/PurityHelp/Views/Settings/CloudSyncSettingsView.swift:199:5: error: Attribute 'private' can only be used in a non-local scope
    private func regenerateLink() {
    ^ (in target 'PurityHelp' from project 'PurityHelp')
/Users/phoenixwang/purity-help/PurityHelp/Views/Settings/CloudSyncSettingsView.swift:294:1: error: Expected '}' at end of brace statement

^ (in target 'PurityHelp' from project 'PurityHelp')
/Users/phoenixwang/purity-help/PurityHelp/Views/Settings/CloudSyncSettingsView.swift:166:33: note: To match this opening '{'
    private func pushFullData() {
                                ^ (in target 'PurityHelp' from project 'PurityHelp')
/Users/phoenixwang/purity-help/PurityHelp/Views/Memorization/HideInYourHeartView.swift:114:5: error: Attribute 'private' can only be used in a non-local scope
    private func removeVerse(_ verse: MemorizedVerse) {
    ^ (in target 'PurityHelp' from project 'PurityHelp')
/Users/phoenixwang/purity-help/PurityHelp/Views/Memorization/HideInYourHeartView.swift:120:5: error: Attribute 'private' can only be used in a non-local scope
    private func unlearnVerse(_ verse: MemorizedVerse) {
    ^ (in target 'PurityHelp' from project 'PurityHelp')
/Users/phoenixwang/purity-help/PurityHelp/Views/Memorization/HideInYourHeartView.swift:302:1: error: Expected '}' in struct

^ (in target 'PurityHelp' from project 'PurityHelp')
/Users/phoenixwang/purity-help/PurityHelp/Views/Memorization/HideInYourHeartView.swift:11:34: note: To match this opening '{'
struct HideInYourHeartView: View {
                                 ^ (in target 'PurityHelp' from project 'PurityHelp')

