Command line invocation:
    /Applications/Xcode.app/Contents/Developer/usr/bin/xcodebuild clean build -project PurityHelp.xcodeproj -scheme PurityHelp -destination "generic/platform=iOS Simulator"

CreateBuildRequest

SendProjectDescription

CreateBuildOperation

** CLEAN SUCCEEDED **

ComputePackagePrebuildTargetDependencyGraph

Prepare packages

CreateBuildRequest

SendProjectDescription

CreateBuildOperation

ComputeTargetDependencyGraph
note: Building targets in dependency order
note: Target dependency graph (1 target)
    Target 'PurityHelp' in project 'PurityHelp' (no dependencies)

GatherProvisioningInputs

CreateBuildDescription

ExecuteExternalTool /Applications/Xcode.app/Contents/Developer/Toolchains/XcodeDefault.xctoolchain/usr/bin/clang -v -E -dM -isysroot /Applications/Xcode.app/Contents/Developer/Platforms/iPhoneSimulator.platform/Developer/SDKs/iPhoneSimulator26.2.sdk -x c -c /dev/null

ExecuteExternalTool /Applications/Xcode.app/Contents/Developer/usr/bin/actool --print-asset-tag-combinations --output-format xml1 /Users/phoenixwang/purity-help/PurityHelp/Media.xcassets

ExecuteExternalTool /Applications/Xcode.app/Contents/Developer/usr/bin/actool --version --output-format xml1

ExecuteExternalTool /Applications/Xcode.app/Contents/Developer/Toolchains/XcodeDefault.xctoolchain/usr/bin/swiftc --version

ExecuteExternalTool /Applications/Xcode.app/Contents/Developer/Toolchains/XcodeDefault.xctoolchain/usr/bin/ld -version_details

Build description signature: a2dd8fe48ae012a09e8ec3769b6a7acd
Build description path: /Users/phoenixwang/Library/Developer/Xcode/DerivedData/PurityHelp-duxeeqbvuykyykcgbcavdxcwhpqb/Build/Intermediates.noindex/XCBuildData/a2dd8fe48ae012a09e8ec3769b6a7acd.xcbuilddata
ClangStatCache /Applications/Xcode.app/Contents/Developer/Toolchains/XcodeDefault.xctoolchain/usr/bin/clang-stat-cache /Applications/Xcode.app/Contents/Developer/Platforms/iPhoneSimulator.platform/Developer/SDKs/iPhoneSimulator26.2.sdk /Users/phoenixwang/Library/Developer/Xcode/DerivedData/SDKStatCaches.noindex/iphonesimulator26.2-23C57-7d00a8b37fbd7999ea79df8ebc024bf0.sdkstatcache
    cd /Users/phoenixwang/purity-help/PurityHelp.xcodeproj
    /Applications/Xcode.app/Contents/Developer/Toolchains/XcodeDefault.xctoolchain/usr/bin/clang-stat-cache /Applications/Xcode.app/Contents/Developer/Platforms/iPhoneSimulator.platform/Developer/SDKs/iPhoneSimulator26.2.sdk -o /Users/phoenixwang/Library/Developer/Xcode/DerivedData/SDKStatCaches.noindex/iphonesimulator26.2-23C57-7d00a8b37fbd7999ea79df8ebc024bf0.sdkstatcache

CreateBuildDirectory /Users/phoenixwang/Library/Developer/Xcode/DerivedData/PurityHelp-duxeeqbvuykyykcgbcavdxcwhpqb/Build/Products
    cd /Users/phoenixwang/purity-help/PurityHelp.xcodeproj
    builtin-create-build-directory /Users/phoenixwang/Library/Developer/Xcode/DerivedData/PurityHelp-duxeeqbvuykyykcgbcavdxcwhpqb/Build/Products

CreateBuildDirectory /Users/phoenixwang/Library/Developer/Xcode/DerivedData/PurityHelp-duxeeqbvuykyykcgbcavdxcwhpqb/Build/Intermediates.noindex
    cd /Users/phoenixwang/purity-help/PurityHelp.xcodeproj
    builtin-create-build-directory /Users/phoenixwang/Library/Developer/Xcode/DerivedData/PurityHelp-duxeeqbvuykyykcgbcavdxcwhpqb/Build/Intermediates.noindex

CreateBuildDirectory /Users/phoenixwang/Library/Developer/Xcode/DerivedData/PurityHelp-duxeeqbvuykyykcgbcavdxcwhpqb/Build/Intermediates.noindex/ExplicitPrecompiledModules
    cd /Users/phoenixwang/purity-help/PurityHelp.xcodeproj
    builtin-create-build-directory /Users/phoenixwang/Library/Developer/Xcode/DerivedData/PurityHelp-duxeeqbvuykyykcgbcavdxcwhpqb/Build/Intermediates.noindex/ExplicitPrecompiledModules

CreateBuildDirectory /Users/phoenixwang/Library/Developer/Xcode/DerivedData/PurityHelp-duxeeqbvuykyykcgbcavdxcwhpqb/Build/Intermediates.noindex/SwiftExplicitPrecompiledModules
    cd /Users/phoenixwang/purity-help/PurityHelp.xcodeproj
    builtin-create-build-directory /Users/phoenixwang/Library/Developer/Xcode/DerivedData/PurityHelp-duxeeqbvuykyykcgbcavdxcwhpqb/Build/Intermediates.noindex/SwiftExplicitPrecompiledModules

CreateBuildDirectory /Users/phoenixwang/Library/Developer/Xcode/DerivedData/PurityHelp-duxeeqbvuykyykcgbcavdxcwhpqb/Build/Intermediates.noindex/EagerLinkingTBDs/Debug-iphonesimulator
    cd /Users/phoenixwang/purity-help/PurityHelp.xcodeproj
    builtin-create-build-directory /Users/phoenixwang/Library/Developer/Xcode/DerivedData/PurityHelp-duxeeqbvuykyykcgbcavdxcwhpqb/Build/Intermediates.noindex/EagerLinkingTBDs/Debug-iphonesimulator

WriteAuxiliaryFile /Users/phoenixwang/Library/Developer/Xcode/DerivedData/PurityHelp-duxeeqbvuykyykcgbcavdxcwhpqb/Build/Intermediates.noindex/PurityHelp.build/Debug-iphonesimulator/PurityHelp-2c7c57acd97dd63d052ebab59f95c3f2-VFS-iphonesimulator/all-product-headers.yaml
    cd /Users/phoenixwang/purity-help/PurityHelp.xcodeproj
    write-file /Users/phoenixwang/Library/Developer/Xcode/DerivedData/PurityHelp-duxeeqbvuykyykcgbcavdxcwhpqb/Build/Intermediates.noindex/PurityHelp.build/Debug-iphonesimulator/PurityHelp-2c7c57acd97dd63d052ebab59f95c3f2-VFS-iphonesimulator/all-product-headers.yaml

CreateBuildDirectory /Users/phoenixwang/Library/Developer/Xcode/DerivedData/PurityHelp-duxeeqbvuykyykcgbcavdxcwhpqb/Build/Products/Debug-iphonesimulator
    cd /Users/phoenixwang/purity-help/PurityHelp.xcodeproj
    builtin-create-build-directory /Users/phoenixwang/Library/Developer/Xcode/DerivedData/PurityHelp-duxeeqbvuykyykcgbcavdxcwhpqb/Build/Products/Debug-iphonesimulator

WriteAuxiliaryFile /Users/phoenixwang/Library/Developer/Xcode/DerivedData/PurityHelp-duxeeqbvuykyykcgbcavdxcwhpqb/Build/Intermediates.noindex/PurityHelp.build/Debug-iphonesimulator/PurityHelp.build/empty-PurityHelp.plist (in target 'PurityHelp' from project 'PurityHelp')
    cd /Users/phoenixwang/purity-help
    write-file /Users/phoenixwang/Library/Developer/Xcode/DerivedData/PurityHelp-duxeeqbvuykyykcgbcavdxcwhpqb/Build/Intermediates.noindex/PurityHelp.build/Debug-iphonesimulator/PurityHelp.build/empty-PurityHelp.plist

WriteAuxiliaryFile /Users/phoenixwang/Library/Developer/Xcode/DerivedData/PurityHelp-duxeeqbvuykyykcgbcavdxcwhpqb/Build/Intermediates.noindex/PurityHelp.build/Debug-iphonesimulator/PurityHelp.build/PurityHelp.hmap (in target 'PurityHelp' from project 'PurityHelp')
    cd /Users/phoenixwang/purity-help
    write-file /Users/phoenixwang/Library/Developer/Xcode/DerivedData/PurityHelp-duxeeqbvuykyykcgbcavdxcwhpqb/Build/Intermediates.noindex/PurityHelp.build/Debug-iphonesimulator/PurityHelp.build/PurityHelp.hmap

WriteAuxiliaryFile /Users/phoenixwang/Library/Developer/Xcode/DerivedData/PurityHelp-duxeeqbvuykyykcgbcavdxcwhpqb/Build/Intermediates.noindex/PurityHelp.build/Debug-iphonesimulator/PurityHelp.build/PurityHelp-project-headers.hmap (in target 'PurityHelp' from project 'PurityHelp')
    cd /Users/phoenixwang/purity-help
    write-file /Users/phoenixwang/Library/Developer/Xcode/DerivedData/PurityHelp-duxeeqbvuykyykcgbcavdxcwhpqb/Build/Intermediates.noindex/PurityHelp.build/Debug-iphonesimulator/PurityHelp.build/PurityHelp-project-headers.hmap

WriteAuxiliaryFile /Users/phoenixwang/Library/Developer/Xcode/DerivedData/PurityHelp-duxeeqbvuykyykcgbcavdxcwhpqb/Build/Intermediates.noindex/PurityHelp.build/Debug-iphonesimulator/PurityHelp.build/PurityHelp-own-target-headers.hmap (in target 'PurityHelp' from project 'PurityHelp')
    cd /Users/phoenixwang/purity-help
    write-file /Users/phoenixwang/Library/Developer/Xcode/DerivedData/PurityHelp-duxeeqbvuykyykcgbcavdxcwhpqb/Build/Intermediates.noindex/PurityHelp.build/Debug-iphonesimulator/PurityHelp.build/PurityHelp-own-target-headers.hmap

WriteAuxiliaryFile /Users/phoenixwang/Library/Developer/Xcode/DerivedData/PurityHelp-duxeeqbvuykyykcgbcavdxcwhpqb/Build/Intermediates.noindex/PurityHelp.build/Debug-iphonesimulator/PurityHelp.build/PurityHelp-all-target-headers.hmap (in target 'PurityHelp' from project 'PurityHelp')
    cd /Users/phoenixwang/purity-help
    write-file /Users/phoenixwang/Library/Developer/Xcode/DerivedData/PurityHelp-duxeeqbvuykyykcgbcavdxcwhpqb/Build/Intermediates.noindex/PurityHelp.build/Debug-iphonesimulator/PurityHelp.build/PurityHelp-all-target-headers.hmap

WriteAuxiliaryFile /Users/phoenixwang/Library/Developer/Xcode/DerivedData/PurityHelp-duxeeqbvuykyykcgbcavdxcwhpqb/Build/Intermediates.noindex/PurityHelp.build/Debug-iphonesimulator/PurityHelp.build/PurityHelp-generated-files.hmap (in target 'PurityHelp' from project 'PurityHelp')
    cd /Users/phoenixwang/purity-help
    write-file /Users/phoenixwang/Library/Developer/Xcode/DerivedData/PurityHelp-duxeeqbvuykyykcgbcavdxcwhpqb/Build/Intermediates.noindex/PurityHelp.build/Debug-iphonesimulator/PurityHelp.build/PurityHelp-generated-files.hmap

WriteAuxiliaryFile /Users/phoenixwang/Library/Developer/Xcode/DerivedData/PurityHelp-duxeeqbvuykyykcgbcavdxcwhpqb/Build/Intermediates.noindex/PurityHelp.build/Debug-iphonesimulator/PurityHelp.build/PurityHelp-all-non-framework-target-headers.hmap (in target 'PurityHelp' from project 'PurityHelp')
    cd /Users/phoenixwang/purity-help
    write-file /Users/phoenixwang/Library/Developer/Xcode/DerivedData/PurityHelp-duxeeqbvuykyykcgbcavdxcwhpqb/Build/Intermediates.noindex/PurityHelp.build/Debug-iphonesimulator/PurityHelp.build/PurityHelp-all-non-framework-target-headers.hmap

WriteAuxiliaryFile /Users/phoenixwang/Library/Developer/Xcode/DerivedData/PurityHelp-duxeeqbvuykyykcgbcavdxcwhpqb/Build/Intermediates.noindex/PurityHelp.build/Debug-iphonesimulator/PurityHelp.build/PurityHelp-DebugDylibPath-normal-x86_64.txt (in target 'PurityHelp' from project 'PurityHelp')
    cd /Users/phoenixwang/purity-help
    write-file /Users/phoenixwang/Library/Developer/Xcode/DerivedData/PurityHelp-duxeeqbvuykyykcgbcavdxcwhpqb/Build/Intermediates.noindex/PurityHelp.build/Debug-iphonesimulator/PurityHelp.build/PurityHelp-DebugDylibPath-normal-x86_64.txt

WriteAuxiliaryFile /Users/phoenixwang/Library/Developer/Xcode/DerivedData/PurityHelp-duxeeqbvuykyykcgbcavdxcwhpqb/Build/Intermediates.noindex/PurityHelp.build/Debug-iphonesimulator/PurityHelp.build/PurityHelp-DebugDylibPath-normal-arm64.txt (in target 'PurityHelp' from project 'PurityHelp')
    cd /Users/phoenixwang/purity-help
    write-file /Users/phoenixwang/Library/Developer/Xcode/DerivedData/PurityHelp-duxeeqbvuykyykcgbcavdxcwhpqb/Build/Intermediates.noindex/PurityHelp.build/Debug-iphonesimulator/PurityHelp.build/PurityHelp-DebugDylibPath-normal-arm64.txt

WriteAuxiliaryFile /Users/phoenixwang/Library/Developer/Xcode/DerivedData/PurityHelp-duxeeqbvuykyykcgbcavdxcwhpqb/Build/Intermediates.noindex/PurityHelp.build/Debug-iphonesimulator/PurityHelp.build/PurityHelp.DependencyStaticMetadataFileList (in target 'PurityHelp' from project 'PurityHelp')
    cd /Users/phoenixwang/purity-help
    write-file /Users/phoenixwang/Library/Developer/Xcode/DerivedData/PurityHelp-duxeeqbvuykyykcgbcavdxcwhpqb/Build/Intermediates.noindex/PurityHelp.build/Debug-iphonesimulator/PurityHelp.build/PurityHelp.DependencyStaticMetadataFileList

WriteAuxiliaryFile /Users/phoenixwang/Library/Developer/Xcode/DerivedData/PurityHelp-duxeeqbvuykyykcgbcavdxcwhpqb/Build/Intermediates.noindex/PurityHelp.build/Debug-iphonesimulator/PurityHelp.build/PurityHelp.DependencyMetadataFileList (in target 'PurityHelp' from project 'PurityHelp')
    cd /Users/phoenixwang/purity-help
    write-file /Users/phoenixwang/Library/Developer/Xcode/DerivedData/PurityHelp-duxeeqbvuykyykcgbcavdxcwhpqb/Build/Intermediates.noindex/PurityHelp.build/Debug-iphonesimulator/PurityHelp.build/PurityHelp.DependencyMetadataFileList

WriteAuxiliaryFile /Users/phoenixwang/Library/Developer/Xcode/DerivedData/PurityHelp-duxeeqbvuykyykcgbcavdxcwhpqb/Build/Intermediates.noindex/PurityHelp.build/Debug-iphonesimulator/PurityHelp.build/PurityHelp-DebugDylibInstallName-normal-x86_64.txt (in target 'PurityHelp' from project 'PurityHelp')
    cd /Users/phoenixwang/purity-help
    write-file /Users/phoenixwang/Library/Developer/Xcode/DerivedData/PurityHelp-duxeeqbvuykyykcgbcavdxcwhpqb/Build/Intermediates.noindex/PurityHelp.build/Debug-iphonesimulator/PurityHelp.build/PurityHelp-DebugDylibInstallName-normal-x86_64.txt

WriteAuxiliaryFile /Users/phoenixwang/Library/Developer/Xcode/DerivedData/PurityHelp-duxeeqbvuykyykcgbcavdxcwhpqb/Build/Intermediates.noindex/PurityHelp.build/Debug-iphonesimulator/PurityHelp.build/PurityHelp-DebugDylibInstallName-normal-arm64.txt (in target 'PurityHelp' from project 'PurityHelp')
    cd /Users/phoenixwang/purity-help
    write-file /Users/phoenixwang/Library/Developer/Xcode/DerivedData/PurityHelp-duxeeqbvuykyykcgbcavdxcwhpqb/Build/Intermediates.noindex/PurityHelp.build/Debug-iphonesimulator/PurityHelp.build/PurityHelp-DebugDylibInstallName-normal-arm64.txt

WriteAuxiliaryFile /Users/phoenixwang/Library/Developer/Xcode/DerivedData/PurityHelp-duxeeqbvuykyykcgbcavdxcwhpqb/Build/Intermediates.noindex/PurityHelp.build/Debug-iphonesimulator/PurityHelp.build/Objects-normal/x86_64/PurityHelp_const_extract_protocols.json (in target 'PurityHelp' from project 'PurityHelp')
    cd /Users/phoenixwang/purity-help
    write-file /Users/phoenixwang/Library/Developer/Xcode/DerivedData/PurityHelp-duxeeqbvuykyykcgbcavdxcwhpqb/Build/Intermediates.noindex/PurityHelp.build/Debug-iphonesimulator/PurityHelp.build/Objects-normal/x86_64/PurityHelp_const_extract_protocols.json

WriteAuxiliaryFile /Users/phoenixwang/Library/Developer/Xcode/DerivedData/PurityHelp-duxeeqbvuykyykcgbcavdxcwhpqb/Build/Intermediates.noindex/PurityHelp.build/Debug-iphonesimulator/PurityHelp.build/Objects-normal/x86_64/PurityHelp.SwiftConstValuesFileList (in target 'PurityHelp' from project 'PurityHelp')
    cd /Users/phoenixwang/purity-help
    write-file /Users/phoenixwang/Library/Developer/Xcode/DerivedData/PurityHelp-duxeeqbvuykyykcgbcavdxcwhpqb/Build/Intermediates.noindex/PurityHelp.build/Debug-iphonesimulator/PurityHelp.build/Objects-normal/x86_64/PurityHelp.SwiftConstValuesFileList

WriteAuxiliaryFile /Users/phoenixwang/Library/Developer/Xcode/DerivedData/PurityHelp-duxeeqbvuykyykcgbcavdxcwhpqb/Build/Intermediates.noindex/PurityHelp.build/Debug-iphonesimulator/PurityHelp.build/Objects-normal/x86_64/PurityHelp.SwiftFileList (in target 'PurityHelp' from project 'PurityHelp')
    cd /Users/phoenixwang/purity-help
    write-file /Users/phoenixwang/Library/Developer/Xcode/DerivedData/PurityHelp-duxeeqbvuykyykcgbcavdxcwhpqb/Build/Intermediates.noindex/PurityHelp.build/Debug-iphonesimulator/PurityHelp.build/Objects-normal/x86_64/PurityHelp.SwiftFileList

WriteAuxiliaryFile /Users/phoenixwang/Library/Developer/Xcode/DerivedData/PurityHelp-duxeeqbvuykyykcgbcavdxcwhpqb/Build/Intermediates.noindex/PurityHelp.build/Debug-iphonesimulator/PurityHelp.build/Objects-normal/x86_64/PurityHelp.LinkFileList (in target 'PurityHelp' from project 'PurityHelp')
    cd /Users/phoenixwang/purity-help
    write-file /Users/phoenixwang/Library/Developer/Xcode/DerivedData/PurityHelp-duxeeqbvuykyykcgbcavdxcwhpqb/Build/Intermediates.noindex/PurityHelp.build/Debug-iphonesimulator/PurityHelp.build/Objects-normal/x86_64/PurityHelp.LinkFileList

WriteAuxiliaryFile /Users/phoenixwang/Library/Developer/Xcode/DerivedData/PurityHelp-duxeeqbvuykyykcgbcavdxcwhpqb/Build/Intermediates.noindex/PurityHelp.build/Debug-iphonesimulator/PurityHelp.build/Objects-normal/x86_64/PurityHelp-OutputFileMap.json (in target 'PurityHelp' from project 'PurityHelp')
    cd /Users/phoenixwang/purity-help
    write-file /Users/phoenixwang/Library/Developer/Xcode/DerivedData/PurityHelp-duxeeqbvuykyykcgbcavdxcwhpqb/Build/Intermediates.noindex/PurityHelp.build/Debug-iphonesimulator/PurityHelp.build/Objects-normal/x86_64/PurityHelp-OutputFileMap.json

WriteAuxiliaryFile /Users/phoenixwang/Library/Developer/Xcode/DerivedData/PurityHelp-duxeeqbvuykyykcgbcavdxcwhpqb/Build/Intermediates.noindex/PurityHelp.build/Debug-iphonesimulator/PurityHelp.build/Objects-normal/arm64/PurityHelp_const_extract_protocols.json (in target 'PurityHelp' from project 'PurityHelp')
    cd /Users/phoenixwang/purity-help
    write-file /Users/phoenixwang/Library/Developer/Xcode/DerivedData/PurityHelp-duxeeqbvuykyykcgbcavdxcwhpqb/Build/Intermediates.noindex/PurityHelp.build/Debug-iphonesimulator/PurityHelp.build/Objects-normal/arm64/PurityHelp_const_extract_protocols.json

WriteAuxiliaryFile /Users/phoenixwang/Library/Developer/Xcode/DerivedData/PurityHelp-duxeeqbvuykyykcgbcavdxcwhpqb/Build/Intermediates.noindex/PurityHelp.build/Debug-iphonesimulator/PurityHelp.build/Objects-normal/arm64/PurityHelp.SwiftFileList (in target 'PurityHelp' from project 'PurityHelp')
    cd /Users/phoenixwang/purity-help
    write-file /Users/phoenixwang/Library/Developer/Xcode/DerivedData/PurityHelp-duxeeqbvuykyykcgbcavdxcwhpqb/Build/Intermediates.noindex/PurityHelp.build/Debug-iphonesimulator/PurityHelp.build/Objects-normal/arm64/PurityHelp.SwiftFileList

WriteAuxiliaryFile /Users/phoenixwang/Library/Developer/Xcode/DerivedData/PurityHelp-duxeeqbvuykyykcgbcavdxcwhpqb/Build/Intermediates.noindex/PurityHelp.build/Debug-iphonesimulator/PurityHelp.build/Objects-normal/arm64/PurityHelp.SwiftConstValuesFileList (in target 'PurityHelp' from project 'PurityHelp')
    cd /Users/phoenixwang/purity-help
    write-file /Users/phoenixwang/Library/Developer/Xcode/DerivedData/PurityHelp-duxeeqbvuykyykcgbcavdxcwhpqb/Build/Intermediates.noindex/PurityHelp.build/Debug-iphonesimulator/PurityHelp.build/Objects-normal/arm64/PurityHelp.SwiftConstValuesFileList

WriteAuxiliaryFile /Users/phoenixwang/Library/Developer/Xcode/DerivedData/PurityHelp-duxeeqbvuykyykcgbcavdxcwhpqb/Build/Intermediates.noindex/PurityHelp.build/Debug-iphonesimulator/PurityHelp.build/Objects-normal/arm64/PurityHelp.LinkFileList (in target 'PurityHelp' from project 'PurityHelp')
    cd /Users/phoenixwang/purity-help
    write-file /Users/phoenixwang/Library/Developer/Xcode/DerivedData/PurityHelp-duxeeqbvuykyykcgbcavdxcwhpqb/Build/Intermediates.noindex/PurityHelp.build/Debug-iphonesimulator/PurityHelp.build/Objects-normal/arm64/PurityHelp.LinkFileList

WriteAuxiliaryFile /Users/phoenixwang/Library/Developer/Xcode/DerivedData/PurityHelp-duxeeqbvuykyykcgbcavdxcwhpqb/Build/Intermediates.noindex/PurityHelp.build/Debug-iphonesimulator/PurityHelp.build/Objects-normal/arm64/PurityHelp-OutputFileMap.json (in target 'PurityHelp' from project 'PurityHelp')
    cd /Users/phoenixwang/purity-help
    write-file /Users/phoenixwang/Library/Developer/Xcode/DerivedData/PurityHelp-duxeeqbvuykyykcgbcavdxcwhpqb/Build/Intermediates.noindex/PurityHelp.build/Debug-iphonesimulator/PurityHelp.build/Objects-normal/arm64/PurityHelp-OutputFileMap.json

MkDir /Users/phoenixwang/Library/Developer/Xcode/DerivedData/PurityHelp-duxeeqbvuykyykcgbcavdxcwhpqb/Build/Products/Debug-iphonesimulator/PurityHelp.app (in target 'PurityHelp' from project 'PurityHelp')
    cd /Users/phoenixwang/purity-help
    /bin/mkdir -p /Users/phoenixwang/Library/Developer/Xcode/DerivedData/PurityHelp-duxeeqbvuykyykcgbcavdxcwhpqb/Build/Products/Debug-iphonesimulator/PurityHelp.app

WriteAuxiliaryFile /Users/phoenixwang/Library/Developer/Xcode/DerivedData/PurityHelp-duxeeqbvuykyykcgbcavdxcwhpqb/Build/Intermediates.noindex/PurityHelp.build/Debug-iphonesimulator/PurityHelp.build/DerivedSources/Entitlements-Simulated.plist (in target 'PurityHelp' from project 'PurityHelp')
    cd /Users/phoenixwang/purity-help
    write-file /Users/phoenixwang/Library/Developer/Xcode/DerivedData/PurityHelp-duxeeqbvuykyykcgbcavdxcwhpqb/Build/Intermediates.noindex/PurityHelp.build/Debug-iphonesimulator/PurityHelp.build/DerivedSources/Entitlements-Simulated.plist

ProcessProductPackaging "" /Users/phoenixwang/Library/Developer/Xcode/DerivedData/PurityHelp-duxeeqbvuykyykcgbcavdxcwhpqb/Build/Intermediates.noindex/PurityHelp.build/Debug-iphonesimulator/PurityHelp.build/PurityHelp.app-Simulated.xcent (in target 'PurityHelp' from project 'PurityHelp')
    cd /Users/phoenixwang/purity-help
    
    Entitlements:
    
    {
    "application-identifier" = "Y9T4RA62V7.com.purityhelp.app";
}
    
    builtin-productPackagingUtility -entitlements -format xml -o /Users/phoenixwang/Library/Developer/Xcode/DerivedData/PurityHelp-duxeeqbvuykyykcgbcavdxcwhpqb/Build/Intermediates.noindex/PurityHelp.build/Debug-iphonesimulator/PurityHelp.build/PurityHelp.app-Simulated.xcent

ProcessProductPackagingDER /Users/phoenixwang/Library/Developer/Xcode/DerivedData/PurityHelp-duxeeqbvuykyykcgbcavdxcwhpqb/Build/Intermediates.noindex/PurityHelp.build/Debug-iphonesimulator/PurityHelp.build/PurityHelp.app-Simulated.xcent /Users/phoenixwang/Library/Developer/Xcode/DerivedData/PurityHelp-duxeeqbvuykyykcgbcavdxcwhpqb/Build/Intermediates.noindex/PurityHelp.build/Debug-iphonesimulator/PurityHelp.build/PurityHelp.app-Simulated.xcent.der (in target 'PurityHelp' from project 'PurityHelp')
    cd /Users/phoenixwang/purity-help
    /usr/bin/derq query -f xml -i /Users/phoenixwang/Library/Developer/Xcode/DerivedData/PurityHelp-duxeeqbvuykyykcgbcavdxcwhpqb/Build/Intermediates.noindex/PurityHelp.build/Debug-iphonesimulator/PurityHelp.build/PurityHelp.app-Simulated.xcent -o /Users/phoenixwang/Library/Developer/Xcode/DerivedData/PurityHelp-duxeeqbvuykyykcgbcavdxcwhpqb/Build/Intermediates.noindex/PurityHelp.build/Debug-iphonesimulator/PurityHelp.build/PurityHelp.app-Simulated.xcent.der --raw

CpResource /Users/phoenixwang/Library/Developer/Xcode/DerivedData/PurityHelp-duxeeqbvuykyykcgbcavdxcwhpqb/Build/Products/Debug-iphonesimulator/PurityHelp.app/stories.json /Users/phoenixwang/purity-help/PurityHelp/Resources/StoriesOfHope/stories.json (in target 'PurityHelp' from project 'PurityHelp')
    cd /Users/phoenixwang/purity-help
    builtin-copy -exclude .DS_Store -exclude CVS -exclude .svn -exclude .git -exclude .hg -resolve-src-symlinks /Users/phoenixwang/purity-help/PurityHelp/Resources/StoriesOfHope/stories.json /Users/phoenixwang/Library/Developer/Xcode/DerivedData/PurityHelp-duxeeqbvuykyykcgbcavdxcwhpqb/Build/Products/Debug-iphonesimulator/PurityHelp.app

GenerateAssetSymbols /Users/phoenixwang/purity-help/PurityHelp/Media.xcassets (in target 'PurityHelp' from project 'PurityHelp')
    cd /Users/phoenixwang/purity-help
    /Applications/Xcode.app/Contents/Developer/usr/bin/actool /Users/phoenixwang/purity-help/PurityHelp/Media.xcassets --compile /Users/phoenixwang/Library/Developer/Xcode/DerivedData/PurityHelp-duxeeqbvuykyykcgbcavdxcwhpqb/Build/Products/Debug-iphonesimulator/PurityHelp.app --output-format human-readable-text --notices --warnings --export-dependency-info /Users/phoenixwang/Library/Developer/Xcode/DerivedData/PurityHelp-duxeeqbvuykyykcgbcavdxcwhpqb/Build/Intermediates.noindex/PurityHelp.build/Debug-iphonesimulator/PurityHelp.build/assetcatalog_dependencies --output-partial-info-plist /Users/phoenixwang/Library/Developer/Xcode/DerivedData/PurityHelp-duxeeqbvuykyykcgbcavdxcwhpqb/Build/Intermediates.noindex/PurityHelp.build/Debug-iphonesimulator/PurityHelp.build/assetcatalog_generated_info.plist --app-icon AppIcon --compress-pngs --enable-on-demand-resources YES --development-region en --target-device iphone --target-device ipad --minimum-deployment-target 17.0 --platform iphonesimulator --bundle-identifier com.purityhelp.app --generate-swift-asset-symbol-extensions NO --generate-swift-asset-symbols /Users/phoenixwang/Library/Developer/Xcode/DerivedData/PurityHelp-duxeeqbvuykyykcgbcavdxcwhpqb/Build/Intermediates.noindex/PurityHelp.build/Debug-iphonesimulator/PurityHelp.build/DerivedSources/GeneratedAssetSymbols.swift --generate-objc-asset-symbols /Users/phoenixwang/Library/Developer/Xcode/DerivedData/PurityHelp-duxeeqbvuykyykcgbcavdxcwhpqb/Build/Intermediates.noindex/PurityHelp.build/Debug-iphonesimulator/PurityHelp.build/DerivedSources/GeneratedAssetSymbols.h --generate-asset-symbol-index /Users/phoenixwang/Library/Developer/Xcode/DerivedData/PurityHelp-duxeeqbvuykyykcgbcavdxcwhpqb/Build/Intermediates.noindex/PurityHelp.build/Debug-iphonesimulator/PurityHelp.build/DerivedSources/GeneratedAssetSymbols-Index.plist
/* com.apple.actool.compilation-results */
/Users/phoenixwang/Library/Developer/Xcode/DerivedData/PurityHelp-duxeeqbvuykyykcgbcavdxcwhpqb/Build/Intermediates.noindex/PurityHelp.build/Debug-iphonesimulator/PurityHelp.build/DerivedSources/GeneratedAssetSymbols-Index.plist
/Users/phoenixwang/Library/Developer/Xcode/DerivedData/PurityHelp-duxeeqbvuykyykcgbcavdxcwhpqb/Build/Intermediates.noindex/PurityHelp.build/Debug-iphonesimulator/PurityHelp.build/DerivedSources/GeneratedAssetSymbols.h
/Users/phoenixwang/Library/Developer/Xcode/DerivedData/PurityHelp-duxeeqbvuykyykcgbcavdxcwhpqb/Build/Intermediates.noindex/PurityHelp.build/Debug-iphonesimulator/PurityHelp.build/DerivedSources/GeneratedAssetSymbols.swift


MkDir /Users/phoenixwang/Library/Developer/Xcode/DerivedData/PurityHelp-duxeeqbvuykyykcgbcavdxcwhpqb/Build/Intermediates.noindex/PurityHelp.build/Debug-iphonesimulator/PurityHelp.build/assetcatalog_output/unthinned (in target 'PurityHelp' from project 'PurityHelp')
    cd /Users/phoenixwang/purity-help
    /bin/mkdir -p /Users/phoenixwang/Library/Developer/Xcode/DerivedData/PurityHelp-duxeeqbvuykyykcgbcavdxcwhpqb/Build/Intermediates.noindex/PurityHelp.build/Debug-iphonesimulator/PurityHelp.build/assetcatalog_output/unthinned

CpResource /Users/phoenixwang/Library/Developer/Xcode/DerivedData/PurityHelp-duxeeqbvuykyykcgbcavdxcwhpqb/Build/Products/Debug-iphonesimulator/PurityHelp.app/liturgies.json /Users/phoenixwang/purity-help/PurityHelp/Resources/Prayers/liturgies.json (in target 'PurityHelp' from project 'PurityHelp')
    cd /Users/phoenixwang/purity-help
    builtin-copy -exclude .DS_Store -exclude CVS -exclude .svn -exclude .git -exclude .hg -resolve-src-symlinks /Users/phoenixwang/purity-help/PurityHelp/Resources/Prayers/liturgies.json /Users/phoenixwang/Library/Developer/Xcode/DerivedData/PurityHelp-duxeeqbvuykyykcgbcavdxcwhpqb/Build/Products/Debug-iphonesimulator/PurityHelp.app

Ld /Users/phoenixwang/Library/Developer/Xcode/DerivedData/PurityHelp-duxeeqbvuykyykcgbcavdxcwhpqb/Build/Intermediates.noindex/PurityHelp.build/Debug-iphonesimulator/PurityHelp.build/Objects-normal/x86_64/Binary/__preview.dylib normal x86_64 (in target 'PurityHelp' from project 'PurityHelp')
    cd /Users/phoenixwang/purity-help
    /Applications/Xcode.app/Contents/Developer/Toolchains/XcodeDefault.xctoolchain/usr/bin/clang -Xlinker -reproducible -target x86_64-apple-ios17.0-simulator -dynamiclib -isysroot /Applications/Xcode.app/Contents/Developer/Platforms/iPhoneSimulator.platform/Developer/SDKs/iPhoneSimulator26.2.sdk -O0 -L/Users/phoenixwang/Library/Developer/Xcode/DerivedData/PurityHelp-duxeeqbvuykyykcgbcavdxcwhpqb/Build/Products/Debug-iphonesimulator -F/Users/phoenixwang/Library/Developer/Xcode/DerivedData/PurityHelp-duxeeqbvuykyykcgbcavdxcwhpqb/Build/Products/Debug-iphonesimulator -install_name @rpath/PurityHelp.debug.dylib -dead_strip -rdynamic -Xlinker -no_deduplicate -Xlinker -objc_abi_version -Xlinker 2 -Xlinker -dependency_info -Xlinker /Users/phoenixwang/Library/Developer/Xcode/DerivedData/PurityHelp-duxeeqbvuykyykcgbcavdxcwhpqb/Build/Intermediates.noindex/PurityHelp.build/Debug-iphonesimulator/PurityHelp.build/Objects-normal/x86_64/PurityHelp_dependency_info.dat -Xlinker -sectcreate -Xlinker __TEXT -Xlinker __entitlements -Xlinker /Users/phoenixwang/Library/Developer/Xcode/DerivedData/PurityHelp-duxeeqbvuykyykcgbcavdxcwhpqb/Build/Intermediates.noindex/PurityHelp.build/Debug-iphonesimulator/PurityHelp.build/PurityHelp.app-Simulated.xcent -Xlinker -sectcreate -Xlinker __TEXT -Xlinker __ents_der -Xlinker /Users/phoenixwang/Library/Developer/Xcode/DerivedData/PurityHelp-duxeeqbvuykyykcgbcavdxcwhpqb/Build/Intermediates.noindex/PurityHelp.build/Debug-iphonesimulator/PurityHelp.build/PurityHelp.app-Simulated.xcent.der -Xlinker -no_adhoc_codesign -o /Users/phoenixwang/Library/Developer/Xcode/DerivedData/PurityHelp-duxeeqbvuykyykcgbcavdxcwhpqb/Build/Intermediates.noindex/PurityHelp.build/Debug-iphonesimulator/PurityHelp.build/Objects-normal/x86_64/Binary/__preview.dylib

MkDir /Users/phoenixwang/Library/Developer/Xcode/DerivedData/PurityHelp-duxeeqbvuykyykcgbcavdxcwhpqb/Build/Intermediates.noindex/PurityHelp.build/Debug-iphonesimulator/PurityHelp.build/assetcatalog_output/thinned (in target 'PurityHelp' from project 'PurityHelp')
    cd /Users/phoenixwang/purity-help
    /bin/mkdir -p /Users/phoenixwang/Library/Developer/Xcode/DerivedData/PurityHelp-duxeeqbvuykyykcgbcavdxcwhpqb/Build/Intermediates.noindex/PurityHelp.build/Debug-iphonesimulator/PurityHelp.build/assetcatalog_output/thinned

CpResource /Users/phoenixwang/Library/Developer/Xcode/DerivedData/PurityHelp-duxeeqbvuykyykcgbcavdxcwhpqb/Build/Products/Debug-iphonesimulator/PurityHelp.app/daily_scripture.json /Users/phoenixwang/purity-help/PurityHelp/Resources/Scripture/daily_scripture.json (in target 'PurityHelp' from project 'PurityHelp')
    cd /Users/phoenixwang/purity-help
    builtin-copy -exclude .DS_Store -exclude CVS -exclude .svn -exclude .git -exclude .hg -resolve-src-symlinks /Users/phoenixwang/purity-help/PurityHelp/Resources/Scripture/daily_scripture.json /Users/phoenixwang/Library/Developer/Xcode/DerivedData/PurityHelp-duxeeqbvuykyykcgbcavdxcwhpqb/Build/Products/Debug-iphonesimulator/PurityHelp.app

Ld /Users/phoenixwang/Library/Developer/Xcode/DerivedData/PurityHelp-duxeeqbvuykyykcgbcavdxcwhpqb/Build/Intermediates.noindex/PurityHelp.build/Debug-iphonesimulator/PurityHelp.build/Objects-normal/arm64/Binary/__preview.dylib normal arm64 (in target 'PurityHelp' from project 'PurityHelp')
    cd /Users/phoenixwang/purity-help
    /Applications/Xcode.app/Contents/Developer/Toolchains/XcodeDefault.xctoolchain/usr/bin/clang -Xlinker -reproducible -target arm64-apple-ios17.0-simulator -dynamiclib -isysroot /Applications/Xcode.app/Contents/Developer/Platforms/iPhoneSimulator.platform/Developer/SDKs/iPhoneSimulator26.2.sdk -O0 -L/Users/phoenixwang/Library/Developer/Xcode/DerivedData/PurityHelp-duxeeqbvuykyykcgbcavdxcwhpqb/Build/Products/Debug-iphonesimulator -F/Users/phoenixwang/Library/Developer/Xcode/DerivedData/PurityHelp-duxeeqbvuykyykcgbcavdxcwhpqb/Build/Products/Debug-iphonesimulator -install_name @rpath/PurityHelp.debug.dylib -dead_strip -rdynamic -Xlinker -no_deduplicate -Xlinker -objc_abi_version -Xlinker 2 -Xlinker -dependency_info -Xlinker /Users/phoenixwang/Library/Developer/Xcode/DerivedData/PurityHelp-duxeeqbvuykyykcgbcavdxcwhpqb/Build/Intermediates.noindex/PurityHelp.build/Debug-iphonesimulator/PurityHelp.build/Objects-normal/arm64/PurityHelp_dependency_info.dat -Xlinker -sectcreate -Xlinker __TEXT -Xlinker __entitlements -Xlinker /Users/phoenixwang/Library/Developer/Xcode/DerivedData/PurityHelp-duxeeqbvuykyykcgbcavdxcwhpqb/Build/Intermediates.noindex/PurityHelp.build/Debug-iphonesimulator/PurityHelp.build/PurityHelp.app-Simulated.xcent -Xlinker -sectcreate -Xlinker __TEXT -Xlinker __ents_der -Xlinker /Users/phoenixwang/Library/Developer/Xcode/DerivedData/PurityHelp-duxeeqbvuykyykcgbcavdxcwhpqb/Build/Intermediates.noindex/PurityHelp.build/Debug-iphonesimulator/PurityHelp.build/PurityHelp.app-Simulated.xcent.der -Xlinker -no_adhoc_codesign -o /Users/phoenixwang/Library/Developer/Xcode/DerivedData/PurityHelp-duxeeqbvuykyykcgbcavdxcwhpqb/Build/Intermediates.noindex/PurityHelp.build/Debug-iphonesimulator/PurityHelp.build/Objects-normal/arm64/Binary/__preview.dylib

CpResource /Users/phoenixwang/Library/Developer/Xcode/DerivedData/PurityHelp-duxeeqbvuykyykcgbcavdxcwhpqb/Build/Products/Debug-iphonesimulator/PurityHelp.app/Vigil.md /Users/phoenixwang/purity-help/PurityHelp/Resources/Prayers/Vigil.md (in target 'PurityHelp' from project 'PurityHelp')
    cd /Users/phoenixwang/purity-help
    builtin-copy -exclude .DS_Store -exclude CVS -exclude .svn -exclude .git -exclude .hg -resolve-src-symlinks /Users/phoenixwang/purity-help/PurityHelp/Resources/Prayers/Vigil.md /Users/phoenixwang/Library/Developer/Xcode/DerivedData/PurityHelp-duxeeqbvuykyykcgbcavdxcwhpqb/Build/Products/Debug-iphonesimulator/PurityHelp.app

CpResource /Users/phoenixwang/Library/Developer/Xcode/DerivedData/PurityHelp-duxeeqbvuykyykcgbcavdxcwhpqb/Build/Products/Debug-iphonesimulator/PurityHelp.app/README.md /Users/phoenixwang/purity-help/PurityHelp/Resources/StoriesOfHope/README.md (in target 'PurityHelp' from project 'PurityHelp')
    cd /Users/phoenixwang/purity-help
    builtin-copy -exclude .DS_Store -exclude CVS -exclude .svn -exclude .git -exclude .hg -resolve-src-symlinks /Users/phoenixwang/purity-help/PurityHelp/Resources/StoriesOfHope/README.md /Users/phoenixwang/Library/Developer/Xcode/DerivedData/PurityHelp-duxeeqbvuykyykcgbcavdxcwhpqb/Build/Products/Debug-iphonesimulator/PurityHelp.app

CopyPNGFile /Users/phoenixwang/Library/Developer/Xcode/DerivedData/PurityHelp-duxeeqbvuykyykcgbcavdxcwhpqb/Build/Products/Debug-iphonesimulator/PurityHelp.app/tree.png /Users/phoenixwang/purity-help/PurityHelp/Resources/tree.png (in target 'PurityHelp' from project 'PurityHelp')
    cd /Users/phoenixwang/purity-help
    /Applications/Xcode.app/Contents/Developer/usr/bin/copypng -compress -strip-PNG-text /Users/phoenixwang/purity-help/PurityHelp/Resources/tree.png /Users/phoenixwang/Library/Developer/Xcode/DerivedData/PurityHelp-duxeeqbvuykyykcgbcavdxcwhpqb/Build/Products/Debug-iphonesimulator/PurityHelp.app/tree.png

CopyPNGFile /Users/phoenixwang/Library/Developer/Xcode/DerivedData/PurityHelp-duxeeqbvuykyykcgbcavdxcwhpqb/Build/Products/Debug-iphonesimulator/PurityHelp.app/sprout.png /Users/phoenixwang/purity-help/PurityHelp/Resources/sprout.png (in target 'PurityHelp' from project 'PurityHelp')
    cd /Users/phoenixwang/purity-help
    /Applications/Xcode.app/Contents/Developer/usr/bin/copypng -compress -strip-PNG-text /Users/phoenixwang/purity-help/PurityHelp/Resources/sprout.png /Users/phoenixwang/Library/Developer/Xcode/DerivedData/PurityHelp-duxeeqbvuykyykcgbcavdxcwhpqb/Build/Products/Debug-iphonesimulator/PurityHelp.app/sprout.png

CopyPNGFile /Users/phoenixwang/Library/Developer/Xcode/DerivedData/PurityHelp-duxeeqbvuykyykcgbcavdxcwhpqb/Build/Products/Debug-iphonesimulator/PurityHelp.app/seedling.png /Users/phoenixwang/purity-help/PurityHelp/Resources/seedling.png (in target 'PurityHelp' from project 'PurityHelp')
    cd /Users/phoenixwang/purity-help
    /Applications/Xcode.app/Contents/Developer/usr/bin/copypng -compress -strip-PNG-text /Users/phoenixwang/purity-help/PurityHelp/Resources/seedling.png /Users/phoenixwang/Library/Developer/Xcode/DerivedData/PurityHelp-duxeeqbvuykyykcgbcavdxcwhpqb/Build/Products/Debug-iphonesimulator/PurityHelp.app/seedling.png

CopyPNGFile /Users/phoenixwang/Library/Developer/Xcode/DerivedData/PurityHelp-duxeeqbvuykyykcgbcavdxcwhpqb/Build/Products/Debug-iphonesimulator/PurityHelp.app/sapling.png /Users/phoenixwang/purity-help/PurityHelp/Resources/sapling.png (in target 'PurityHelp' from project 'PurityHelp')
    cd /Users/phoenixwang/purity-help
    /Applications/Xcode.app/Contents/Developer/usr/bin/copypng -compress -strip-PNG-text /Users/phoenixwang/purity-help/PurityHelp/Resources/sapling.png /Users/phoenixwang/Library/Developer/Xcode/DerivedData/PurityHelp-duxeeqbvuykyykcgbcavdxcwhpqb/Build/Products/Debug-iphonesimulator/PurityHelp.app/sapling.png

CopyPNGFile /Users/phoenixwang/Library/Developer/Xcode/DerivedData/PurityHelp-duxeeqbvuykyykcgbcavdxcwhpqb/Build/Products/Debug-iphonesimulator/PurityHelp.app/mature.png /Users/phoenixwang/purity-help/PurityHelp/Resources/mature.png (in target 'PurityHelp' from project 'PurityHelp')
    cd /Users/phoenixwang/purity-help
    /Applications/Xcode.app/Contents/Developer/usr/bin/copypng -compress -strip-PNG-text /Users/phoenixwang/purity-help/PurityHelp/Resources/mature.png /Users/phoenixwang/Library/Developer/Xcode/DerivedData/PurityHelp-duxeeqbvuykyykcgbcavdxcwhpqb/Build/Products/Debug-iphonesimulator/PurityHelp.app/mature.png

CopyPNGFile /Users/phoenixwang/Library/Developer/Xcode/DerivedData/PurityHelp-duxeeqbvuykyykcgbcavdxcwhpqb/Build/Products/Debug-iphonesimulator/PurityHelp.app/Gemini_Generated_Image_7dtj9d7dtj9d7dtj.png /Users/phoenixwang/purity-help/PurityHelp/Assets/Gemini_Generated_Image_7dtj9d7dtj9d7dtj.png (in target 'PurityHelp' from project 'PurityHelp')
    cd /Users/phoenixwang/purity-help
    /Applications/Xcode.app/Contents/Developer/usr/bin/copypng -compress -strip-PNG-text /Users/phoenixwang/purity-help/PurityHelp/Assets/Gemini_Generated_Image_7dtj9d7dtj9d7dtj.png /Users/phoenixwang/Library/Developer/Xcode/DerivedData/PurityHelp-duxeeqbvuykyykcgbcavdxcwhpqb/Build/Products/Debug-iphonesimulator/PurityHelp.app/Gemini_Generated_Image_7dtj9d7dtj9d7dtj.png

CompileAssetCatalogVariant thinned /Users/phoenixwang/Library/Developer/Xcode/DerivedData/PurityHelp-duxeeqbvuykyykcgbcavdxcwhpqb/Build/Products/Debug-iphonesimulator/PurityHelp.app /Users/phoenixwang/purity-help/PurityHelp/Media.xcassets (in target 'PurityHelp' from project 'PurityHelp')
    cd /Users/phoenixwang/purity-help
    /Applications/Xcode.app/Contents/Developer/usr/bin/actool /Users/phoenixwang/purity-help/PurityHelp/Media.xcassets --compile /Users/phoenixwang/Library/Developer/Xcode/DerivedData/PurityHelp-duxeeqbvuykyykcgbcavdxcwhpqb/Build/Intermediates.noindex/PurityHelp.build/Debug-iphonesimulator/PurityHelp.build/assetcatalog_output/thinned --output-format human-readable-text --notices --warnings --export-dependency-info /Users/phoenixwang/Library/Developer/Xcode/DerivedData/PurityHelp-duxeeqbvuykyykcgbcavdxcwhpqb/Build/Intermediates.noindex/PurityHelp.build/Debug-iphonesimulator/PurityHelp.build/assetcatalog_dependencies_thinned --output-partial-info-plist /Users/phoenixwang/Library/Developer/Xcode/DerivedData/PurityHelp-duxeeqbvuykyykcgbcavdxcwhpqb/Build/Intermediates.noindex/PurityHelp.build/Debug-iphonesimulator/PurityHelp.build/assetcatalog_generated_info.plist_thinned --app-icon AppIcon --compress-pngs --enable-on-demand-resources YES --development-region en --target-device iphone --target-device ipad --minimum-deployment-target 17.0 --platform iphonesimulator

CreateUniversalBinary /Users/phoenixwang/Library/Developer/Xcode/DerivedData/PurityHelp-duxeeqbvuykyykcgbcavdxcwhpqb/Build/Products/Debug-iphonesimulator/PurityHelp.app/__preview.dylib normal arm64\ x86_64 (in target 'PurityHelp' from project 'PurityHelp')
    cd /Users/phoenixwang/purity-help
    /Applications/Xcode.app/Contents/Developer/Toolchains/XcodeDefault.xctoolchain/usr/bin/lipo -create /Users/phoenixwang/Library/Developer/Xcode/DerivedData/PurityHelp-duxeeqbvuykyykcgbcavdxcwhpqb/Build/Intermediates.noindex/PurityHelp.build/Debug-iphonesimulator/PurityHelp.build/Objects-normal/arm64/Binary/__preview.dylib /Users/phoenixwang/Library/Developer/Xcode/DerivedData/PurityHelp-duxeeqbvuykyykcgbcavdxcwhpqb/Build/Intermediates.noindex/PurityHelp.build/Debug-iphonesimulator/PurityHelp.build/Objects-normal/x86_64/Binary/__preview.dylib -output /Users/phoenixwang/Library/Developer/Xcode/DerivedData/PurityHelp-duxeeqbvuykyykcgbcavdxcwhpqb/Build/Products/Debug-iphonesimulator/PurityHelp.app/__preview.dylib

SwiftDriver PurityHelp normal x86_64 com.apple.xcode.tools.swift.compiler (in target 'PurityHelp' from project 'PurityHelp')
    cd /Users/phoenixwang/purity-help
    builtin-SwiftDriver -- /Applications/Xcode.app/Contents/Developer/Toolchains/XcodeDefault.xctoolchain/usr/bin/swiftc -module-name PurityHelp -Onone -enforce-exclusivity\=checked @/Users/phoenixwang/Library/Developer/Xcode/DerivedData/PurityHelp-duxeeqbvuykyykcgbcavdxcwhpqb/Build/Intermediates.noindex/PurityHelp.build/Debug-iphonesimulator/PurityHelp.build/Objects-normal/x86_64/PurityHelp.SwiftFileList -DDEBUG -enable-bare-slash-regex -enable-experimental-feature DebugDescriptionMacro -sdk /Applications/Xcode.app/Contents/Developer/Platforms/iPhoneSimulator.platform/Developer/SDKs/iPhoneSimulator26.2.sdk -target x86_64-apple-ios17.0-simulator -g -module-cache-path /Users/phoenixwang/Library/Developer/Xcode/DerivedData/ModuleCache.noindex -Xfrontend -serialize-debugging-options -enable-testing -index-store-path /Users/phoenixwang/Library/Developer/Xcode/DerivedData/PurityHelp-duxeeqbvuykyykcgbcavdxcwhpqb/Index.noindex/DataStore -Xcc -D_LIBCPP_HARDENING_MODE\=_LIBCPP_HARDENING_MODE_DEBUG -swift-version 5 -I /Users/phoenixwang/Library/Developer/Xcode/DerivedData/PurityHelp-duxeeqbvuykyykcgbcavdxcwhpqb/Build/Products/Debug-iphonesimulator -F /Users/phoenixwang/Library/Developer/Xcode/DerivedData/PurityHelp-duxeeqbvuykyykcgbcavdxcwhpqb/Build/Products/Debug-iphonesimulator -c -j10 -enable-batch-mode -incremental -Xcc -ivfsstatcache -Xcc /Users/phoenixwang/Library/Developer/Xcode/DerivedData/SDKStatCaches.noindex/iphonesimulator26.2-23C57-7d00a8b37fbd7999ea79df8ebc024bf0.sdkstatcache -output-file-map /Users/phoenixwang/Library/Developer/Xcode/DerivedData/PurityHelp-duxeeqbvuykyykcgbcavdxcwhpqb/Build/Intermediates.noindex/PurityHelp.build/Debug-iphonesimulator/PurityHelp.build/Objects-normal/x86_64/PurityHelp-OutputFileMap.json -use-frontend-parseable-output -save-temps -no-color-diagnostics -explicit-module-build -module-cache-path /Users/phoenixwang/Library/Developer/Xcode/DerivedData/PurityHelp-duxeeqbvuykyykcgbcavdxcwhpqb/Build/Intermediates.noindex/SwiftExplicitPrecompiledModules -clang-scanner-module-cache-path /Users/phoenixwang/Library/Developer/Xcode/DerivedData/ModuleCache.noindex -sdk-module-cache-path /Users/phoenixwang/Library/Developer/Xcode/DerivedData/ModuleCache.noindex -serialize-diagnostics -emit-dependencies -emit-module -emit-module-path /Users/phoenixwang/Library/Developer/Xcode/DerivedData/PurityHelp-duxeeqbvuykyykcgbcavdxcwhpqb/Build/Intermediates.noindex/PurityHelp.build/Debug-iphonesimulator/PurityHelp.build/Objects-normal/x86_64/PurityHelp.swiftmodule -validate-clang-modules-once -clang-build-session-file /Users/phoenixwang/Library/Developer/Xcode/DerivedData/ModuleCache.noindex/Session.modulevalidation -Xcc -I/Users/phoenixwang/Library/Developer/Xcode/DerivedData/PurityHelp-duxeeqbvuykyykcgbcavdxcwhpqb/Build/Intermediates.noindex/PurityHelp.build/Debug-iphonesimulator/PurityHelp.build/swift-overrides.hmap -emit-const-values -Xfrontend -const-gather-protocols-file -Xfrontend /Users/phoenixwang/Library/Developer/Xcode/DerivedData/PurityHelp-duxeeqbvuykyykcgbcavdxcwhpqb/Build/Intermediates.noindex/PurityHelp.build/Debug-iphonesimulator/PurityHelp.build/Objects-normal/x86_64/PurityHelp_const_extract_protocols.json -Xcc -iquote -Xcc /Users/phoenixwang/Library/Developer/Xcode/DerivedData/PurityHelp-duxeeqbvuykyykcgbcavdxcwhpqb/Build/Intermediates.noindex/PurityHelp.build/Debug-iphonesimulator/PurityHelp.build/PurityHelp-generated-files.hmap -Xcc -I/Users/phoenixwang/Library/Developer/Xcode/DerivedData/PurityHelp-duxeeqbvuykyykcgbcavdxcwhpqb/Build/Intermediates.noindex/PurityHelp.build/Debug-iphonesimulator/PurityHelp.build/PurityHelp-own-target-headers.hmap -Xcc -I/Users/phoenixwang/Library/Developer/Xcode/DerivedData/PurityHelp-duxeeqbvuykyykcgbcavdxcwhpqb/Build/Intermediates.noindex/PurityHelp.build/Debug-iphonesimulator/PurityHelp.build/PurityHelp-all-target-headers.hmap -Xcc -iquote -Xcc /Users/phoenixwang/Library/Developer/Xcode/DerivedData/PurityHelp-duxeeqbvuykyykcgbcavdxcwhpqb/Build/Intermediates.noindex/PurityHelp.build/Debug-iphonesimulator/PurityHelp.build/PurityHelp-project-headers.hmap -Xcc -I/Users/phoenixwang/Library/Developer/Xcode/DerivedData/PurityHelp-duxeeqbvuykyykcgbcavdxcwhpqb/Build/Products/Debug-iphonesimulator/include -Xcc -I/Users/phoenixwang/Library/Developer/Xcode/DerivedData/PurityHelp-duxeeqbvuykyykcgbcavdxcwhpqb/Build/Intermediates.noindex/PurityHelp.build/Debug-iphonesimulator/PurityHelp.build/DerivedSources-normal/x86_64 -Xcc -I/Users/phoenixwang/Library/Developer/Xcode/DerivedData/PurityHelp-duxeeqbvuykyykcgbcavdxcwhpqb/Build/Intermediates.noindex/PurityHelp.build/Debug-iphonesimulator/PurityHelp.build/DerivedSources/x86_64 -Xcc -I/Users/phoenixwang/Library/Developer/Xcode/DerivedData/PurityHelp-duxeeqbvuykyykcgbcavdxcwhpqb/Build/Intermediates.noindex/PurityHelp.build/Debug-iphonesimulator/PurityHelp.build/DerivedSources -Xcc -DDEBUG\=1 -emit-objc-header -emit-objc-header-path /Users/phoenixwang/Library/Developer/Xcode/DerivedData/PurityHelp-duxeeqbvuykyykcgbcavdxcwhpqb/Build/Intermediates.noindex/PurityHelp.build/Debug-iphonesimulator/PurityHelp.build/Objects-normal/x86_64/PurityHelp-Swift.h -working-directory /Users/phoenixwang/purity-help -experimental-emit-module-separately -disable-cmo

SwiftDriver PurityHelp normal arm64 com.apple.xcode.tools.swift.compiler (in target 'PurityHelp' from project 'PurityHelp')
    cd /Users/phoenixwang/purity-help
    builtin-SwiftDriver -- /Applications/Xcode.app/Contents/Developer/Toolchains/XcodeDefault.xctoolchain/usr/bin/swiftc -module-name PurityHelp -Onone -enforce-exclusivity\=checked @/Users/phoenixwang/Library/Developer/Xcode/DerivedData/PurityHelp-duxeeqbvuykyykcgbcavdxcwhpqb/Build/Intermediates.noindex/PurityHelp.build/Debug-iphonesimulator/PurityHelp.build/Objects-normal/arm64/PurityHelp.SwiftFileList -DDEBUG -enable-bare-slash-regex -enable-experimental-feature DebugDescriptionMacro -sdk /Applications/Xcode.app/Contents/Developer/Platforms/iPhoneSimulator.platform/Developer/SDKs/iPhoneSimulator26.2.sdk -target arm64-apple-ios17.0-simulator -g -module-cache-path /Users/phoenixwang/Library/Developer/Xcode/DerivedData/ModuleCache.noindex -Xfrontend -serialize-debugging-options -enable-testing -index-store-path /Users/phoenixwang/Library/Developer/Xcode/DerivedData/PurityHelp-duxeeqbvuykyykcgbcavdxcwhpqb/Index.noindex/DataStore -Xcc -D_LIBCPP_HARDENING_MODE\=_LIBCPP_HARDENING_MODE_DEBUG -swift-version 5 -I /Users/phoenixwang/Library/Developer/Xcode/DerivedData/PurityHelp-duxeeqbvuykyykcgbcavdxcwhpqb/Build/Products/Debug-iphonesimulator -F /Users/phoenixwang/Library/Developer/Xcode/DerivedData/PurityHelp-duxeeqbvuykyykcgbcavdxcwhpqb/Build/Products/Debug-iphonesimulator -c -j10 -enable-batch-mode -incremental -Xcc -ivfsstatcache -Xcc /Users/phoenixwang/Library/Developer/Xcode/DerivedData/SDKStatCaches.noindex/iphonesimulator26.2-23C57-7d00a8b37fbd7999ea79df8ebc024bf0.sdkstatcache -output-file-map /Users/phoenixwang/Library/Developer/Xcode/DerivedData/PurityHelp-duxeeqbvuykyykcgbcavdxcwhpqb/Build/Intermediates.noindex/PurityHelp.build/Debug-iphonesimulator/PurityHelp.build/Objects-normal/arm64/PurityHelp-OutputFileMap.json -use-frontend-parseable-output -save-temps -no-color-diagnostics -explicit-module-build -module-cache-path /Users/phoenixwang/Library/Developer/Xcode/DerivedData/PurityHelp-duxeeqbvuykyykcgbcavdxcwhpqb/Build/Intermediates.noindex/SwiftExplicitPrecompiledModules -clang-scanner-module-cache-path /Users/phoenixwang/Library/Developer/Xcode/DerivedData/ModuleCache.noindex -sdk-module-cache-path /Users/phoenixwang/Library/Developer/Xcode/DerivedData/ModuleCache.noindex -serialize-diagnostics -emit-dependencies -emit-module -emit-module-path /Users/phoenixwang/Library/Developer/Xcode/DerivedData/PurityHelp-duxeeqbvuykyykcgbcavdxcwhpqb/Build/Intermediates.noindex/PurityHelp.build/Debug-iphonesimulator/PurityHelp.build/Objects-normal/arm64/PurityHelp.swiftmodule -validate-clang-modules-once -clang-build-session-file /Users/phoenixwang/Library/Developer/Xcode/DerivedData/ModuleCache.noindex/Session.modulevalidation -Xcc -I/Users/phoenixwang/Library/Developer/Xcode/DerivedData/PurityHelp-duxeeqbvuykyykcgbcavdxcwhpqb/Build/Intermediates.noindex/PurityHelp.build/Debug-iphonesimulator/PurityHelp.build/swift-overrides.hmap -emit-const-values -Xfrontend -const-gather-protocols-file -Xfrontend /Users/phoenixwang/Library/Developer/Xcode/DerivedData/PurityHelp-duxeeqbvuykyykcgbcavdxcwhpqb/Build/Intermediates.noindex/PurityHelp.build/Debug-iphonesimulator/PurityHelp.build/Objects-normal/arm64/PurityHelp_const_extract_protocols.json -Xcc -iquote -Xcc /Users/phoenixwang/Library/Developer/Xcode/DerivedData/PurityHelp-duxeeqbvuykyykcgbcavdxcwhpqb/Build/Intermediates.noindex/PurityHelp.build/Debug-iphonesimulator/PurityHelp.build/PurityHelp-generated-files.hmap -Xcc -I/Users/phoenixwang/Library/Developer/Xcode/DerivedData/PurityHelp-duxeeqbvuykyykcgbcavdxcwhpqb/Build/Intermediates.noindex/PurityHelp.build/Debug-iphonesimulator/PurityHelp.build/PurityHelp-own-target-headers.hmap -Xcc -I/Users/phoenixwang/Library/Developer/Xcode/DerivedData/PurityHelp-duxeeqbvuykyykcgbcavdxcwhpqb/Build/Intermediates.noindex/PurityHelp.build/Debug-iphonesimulator/PurityHelp.build/PurityHelp-all-target-headers.hmap -Xcc -iquote -Xcc /Users/phoenixwang/Library/Developer/Xcode/DerivedData/PurityHelp-duxeeqbvuykyykcgbcavdxcwhpqb/Build/Intermediates.noindex/PurityHelp.build/Debug-iphonesimulator/PurityHelp.build/PurityHelp-project-headers.hmap -Xcc -I/Users/phoenixwang/Library/Developer/Xcode/DerivedData/PurityHelp-duxeeqbvuykyykcgbcavdxcwhpqb/Build/Products/Debug-iphonesimulator/include -Xcc -I/Users/phoenixwang/Library/Developer/Xcode/DerivedData/PurityHelp-duxeeqbvuykyykcgbcavdxcwhpqb/Build/Intermediates.noindex/PurityHelp.build/Debug-iphonesimulator/PurityHelp.build/DerivedSources-normal/arm64 -Xcc -I/Users/phoenixwang/Library/Developer/Xcode/DerivedData/PurityHelp-duxeeqbvuykyykcgbcavdxcwhpqb/Build/Intermediates.noindex/PurityHelp.build/Debug-iphonesimulator/PurityHelp.build/DerivedSources/arm64 -Xcc -I/Users/phoenixwang/Library/Developer/Xcode/DerivedData/PurityHelp-duxeeqbvuykyykcgbcavdxcwhpqb/Build/Intermediates.noindex/PurityHelp.build/Debug-iphonesimulator/PurityHelp.build/DerivedSources -Xcc -DDEBUG\=1 -emit-objc-header -emit-objc-header-path /Users/phoenixwang/Library/Developer/Xcode/DerivedData/PurityHelp-duxeeqbvuykyykcgbcavdxcwhpqb/Build/Intermediates.noindex/PurityHelp.build/Debug-iphonesimulator/PurityHelp.build/Objects-normal/arm64/PurityHelp-Swift.h -working-directory /Users/phoenixwang/purity-help -experimental-emit-module-separately -disable-cmo

SwiftCompile normal arm64 Compiling\ HideInYourHeartView.swift,\ HomeView.swift,\ IfThenPlan.swift,\ IfThenPlansView.swift,\ JournalEntry.swift,\ KeychainHelper.swift /Users/phoenixwang/purity-help/PurityHelp/Views/Memorization/HideInYourHeartView.swift /Users/phoenixwang/purity-help/PurityHelp/Views/Home/HomeView.swift /Users/phoenixwang/purity-help/PurityHelp/Models/IfThenPlan.swift /Users/phoenixwang/purity-help/PurityHelp/Views/Plans/IfThenPlansView.swift /Users/phoenixwang/purity-help/PurityHelp/Models/JournalEntry.swift /Users/phoenixwang/purity-help/PurityHelp/Services/KeychainHelper.swift (in target 'PurityHelp' from project 'PurityHelp')
SwiftCompile normal arm64 /Users/phoenixwang/purity-help/PurityHelp/Views/Memorization/HideInYourHeartView.swift (in target 'PurityHelp' from project 'PurityHelp')
    cd /Users/phoenixwang/purity-help
    

SwiftCompile normal arm64 /Users/phoenixwang/purity-help/PurityHelp/Views/Home/HomeView.swift (in target 'PurityHelp' from project 'PurityHelp')
    cd /Users/phoenixwang/purity-help
    

SwiftCompile normal arm64 /Users/phoenixwang/purity-help/PurityHelp/Models/IfThenPlan.swift (in target 'PurityHelp' from project 'PurityHelp')
    cd /Users/phoenixwang/purity-help
    

SwiftCompile normal arm64 /Users/phoenixwang/purity-help/PurityHelp/Views/Plans/IfThenPlansView.swift (in target 'PurityHelp' from project 'PurityHelp')
    cd /Users/phoenixwang/purity-help
    

SwiftCompile normal arm64 /Users/phoenixwang/purity-help/PurityHelp/Models/JournalEntry.swift (in target 'PurityHelp' from project 'PurityHelp')
    cd /Users/phoenixwang/purity-help
    

SwiftCompile normal arm64 /Users/phoenixwang/purity-help/PurityHelp/Services/KeychainHelper.swift (in target 'PurityHelp' from project 'PurityHelp')
    cd /Users/phoenixwang/purity-help
    

SwiftCompile normal arm64 Compiling\ BibleAPIService.swift,\ BibleReferenceCleaner.swift,\ BreathingPacer.swift,\ CloudSyncService.swift,\ CloudSyncSettingsView.swift,\ ContentView.swift /Users/phoenixwang/purity-help/PurityHelp/Services/BibleAPIService.swift /Users/phoenixwang/purity-help/PurityHelp/Services/BibleReferenceCleaner.swift /Users/phoenixwang/purity-help/PurityHelp/Components/BreathingPacer.swift /Users/phoenixwang/purity-help/PurityHelp/Services/CloudSyncService.swift /Users/phoenixwang/purity-help/PurityHelp/Views/Settings/CloudSyncSettingsView.swift /Users/phoenixwang/purity-help/PurityHelp/ContentView.swift (in target 'PurityHelp' from project 'PurityHelp')

SwiftCompile normal arm64 /Users/phoenixwang/purity-help/PurityHelp/Services/BibleAPIService.swift (in target 'PurityHelp' from project 'PurityHelp')
    cd /Users/phoenixwang/purity-help
    

SwiftCompile normal arm64 /Users/phoenixwang/purity-help/PurityHelp/Services/BibleReferenceCleaner.swift (in target 'PurityHelp' from project 'PurityHelp')
    cd /Users/phoenixwang/purity-help
    

SwiftCompile normal arm64 /Users/phoenixwang/purity-help/PurityHelp/Components/BreathingPacer.swift (in target 'PurityHelp' from project 'PurityHelp')
    cd /Users/phoenixwang/purity-help
    

SwiftCompile normal arm64 /Users/phoenixwang/purity-help/PurityHelp/Services/CloudSyncService.swift (in target 'PurityHelp' from project 'PurityHelp')
    cd /Users/phoenixwang/purity-help
    

SwiftCompile normal arm64 /Users/phoenixwang/purity-help/PurityHelp/Views/Settings/CloudSyncSettingsView.swift (in target 'PurityHelp' from project 'PurityHelp')
    cd /Users/phoenixwang/purity-help
    

SwiftCompile normal arm64 /Users/phoenixwang/purity-help/PurityHelp/ContentView.swift (in target 'PurityHelp' from project 'PurityHelp')
    cd /Users/phoenixwang/purity-help
    

SwiftEmitModule normal arm64 Emitting\ module\ for\ PurityHelp (in target 'PurityHelp' from project 'PurityHelp')

EmitSwiftModule normal arm64 (in target 'PurityHelp' from project 'PurityHelp')
    cd /Users/phoenixwang/purity-help
    

SwiftCompile normal arm64 Compiling\ DailyScriptureView.swift,\ DangerZoneView.swift,\ ExamenEntry.swift,\ ExamenHistoryView.swift,\ ExamenView.swift,\ FullSyncEngine.swift /Users/phoenixwang/purity-help/PurityHelp/Views/Spiritual/DailyScriptureView.swift /Users/phoenixwang/purity-help/PurityHelp/Views/Settings/DangerZoneView.swift /Users/phoenixwang/purity-help/PurityHelp/Models/ExamenEntry.swift /Users/phoenixwang/purity-help/PurityHelp/Views/Examen/ExamenHistoryView.swift /Users/phoenixwang/purity-help/PurityHelp/Views/Examen/ExamenView.swift /Users/phoenixwang/purity-help/PurityHelp/Services/FullSyncEngine.swift (in target 'PurityHelp' from project 'PurityHelp')
Failed frontend command:
/Applications/Xcode.app/Contents/Developer/Toolchains/XcodeDefault.xctoolchain/usr/bin/swift-frontend -frontend -c /Users/phoenixwang/purity-help/PurityHelp/Services/AutoSyncManager.swift /Users/phoenixwang/purity-help/PurityHelp/Views/Dashboard/BeginAgainView.swift /Users/phoenixwang/purity-help/PurityHelp/Views/Memorization/AddVerseSearchSheet.swift /Users/phoenixwang/purity-help/PurityHelp/Views/Vigil/AntirrhetikosView.swift /Users/phoenixwang/purity-help/PurityHelp/Components/AppTheme.swift /Users/phoenixwang/purity-help/PurityHelp/Views/Vigil/AudioSanctuaryView.swift /Users/phoenixwang/purity-help/PurityHelp/Services/BibleAPIService.swift /Users/phoenixwang/purity-help/PurityHelp/Services/BibleReferenceCleaner.swift /Users/phoenixwang/purity-help/PurityHelp/Components/BreathingPacer.swift /Users/phoenixwang/purity-help/PurityHelp/Services/CloudSyncService.swift /Users/phoenixwang/purity-help/PurityHelp/Views/Settings/CloudSyncSettingsView.swift /Users/phoenixwang/purity-help/PurityHelp/ContentView.swift -primary-file /Users/phoenixwang/purity-help/PurityHelp/Views/Spiritual/DailyScriptureView.swift -primary-file /Users/phoenixwang/purity-help/PurityHelp/Views/Settings/DangerZoneView.swift -primary-file /Users/phoenixwang/purity-help/PurityHelp/Models/ExamenEntry.swift -primary-file /Users/phoenixwang/purity-help/PurityHelp/Views/Examen/ExamenHistoryView.swift -primary-file /Users/phoenixwang/purity-help/PurityHelp/Views/Examen/ExamenView.swift -primary-file /Users/phoenixwang/purity-help/PurityHelp/Services/FullSyncEngine.swift /Users/phoenixwang/purity-help/PurityHelp/Views/Memorization/HideInYourHeartView.swift /Users/phoenixwang/purity-help/PurityHelp/Views/Home/HomeView.swift /Users/phoenixwang/purity-help/PurityHelp/Models/IfThenPlan.swift /Users/phoenixwang/purity-help/PurityHelp/Views/Plans/IfThenPlansView.swift /Users/phoenixwang/purity-help/PurityHelp/Models/JournalEntry.swift /Users/phoenixwang/purity-help/PurityHelp/Services/KeychainHelper.swift /Users/phoenixwang/purity-help/PurityHelp/Views/Vigil/LitanyView.swift /Users/phoenixwang/purity-help/PurityHelp/Views/Vigil/LogismoiSelectorView.swift /Users/phoenixwang/purity-help/PurityHelp/Views/Spiritual/MeditateOnWordView.swift /Users/phoenixwang/purity-help/PurityHelp/Models/MemorizedVerse.swift /Users/phoenixwang/purity-help/PurityHelp/Views/Settings/MissionView.swift /Users/phoenixwang/purity-help/PurityHelp/Views/Partners/PartnersView.swift /Users/phoenixwang/purity-help/PurityHelp/PurityHelpApp.swift /Users/phoenixwang/purity-help/PurityHelp/Components/PurityTreeView.swift /Users/phoenixwang/purity-help/PurityHelp/Views/Memorization/ReciteVerseView.swift /Users/phoenixwang/purity-help/PurityHelp/Views/Vigil/ReleaseView.swift /Users/phoenixwang/purity-help/PurityHelp/Models/ResetRecord.swift /Users/phoenixwang/purity-help/PurityHelp/Services/ScriptureService.swift /Users/phoenixwang/purity-help/PurityHelp/Views/Settings/SettingsView.swift /Users/phoenixwang/purity-help/PurityHelp/Services/ShareableProgressService.swift /Users/phoenixwang/purity-help/PurityHelp/Components/ShareableProgressView.swift /Users/phoenixwang/purity-help/PurityHelp/Views/StoriesOfHope/StoriesOfHopeView.swift /Users/phoenixwang/purity-help/PurityHelp/Models/StreakRecord.swift /Users/phoenixwang/purity-help/PurityHelp/Services/StreakService.swift /Users/phoenixwang/purity-help/PurityHelp/Models/SyncTransferModels.swift /Users/phoenixwang/purity-help/PurityHelp/Views/Vigil/ThresholdView.swift /Users/phoenixwang/purity-help/PurityHelp/Views/Settings/UrgeInsightsView.swift /Users/phoenixwang/purity-help/PurityHelp/Models/UrgeLog.swift /Users/phoenixwang/purity-help/PurityHelp/Views/UrgeMoment/UrgeMomentView.swift /Users/phoenixwang/purity-help/PurityHelp/Components/UrgeSurfingGuide.swift /Users/phoenixwang/purity-help/PurityHelp/Models/UserMission.swift /Users/phoenixwang/purity-help/PurityHelp/Views/Vigil/VigilContainerView.swift /Users/phoenixwang/purity-help/PurityHelp/Views/Vigil/VigilExtendedTabView.swift /Users/phoenixwang/purity-help/PurityHelp/Services/VigilService.swift /Users/phoenixwang/purity-help/PurityHelp/Views/Spiritual/WisdomOfTheAgesView.swift /Users/phoenixwang/Library/Developer/Xcode/DerivedData/PurityHelp-duxeeqbvuykyykcgbcavdxcwhpqb/Build/Intermediates.noindex/PurityHelp.build/Debug-iphonesimulator/PurityHelp.build/DerivedSources/GeneratedAssetSymbols.swift -supplementary-output-file-map /Users/phoenixwang/Library/Developer/Xcode/DerivedData/PurityHelp-duxeeqbvuykyykcgbcavdxcwhpqb/Build/Intermediates.noindex/PurityHelp.build/Debug-iphonesimulator/PurityHelp.build/Objects-normal/arm64/supplementaryOutputs-3 -target arm64-apple-ios17.0-simulator -module-can-import-version DeveloperToolsSupport 23.0.4 23.0.4 -disable-cross-import-overlay-search -swift-module-cross-import SwiftData /Applications/Xcode.app/Contents/Developer/Platforms/iPhoneSimulator.platform/Developer/SDKs/iPhoneSimulator26.2.sdk/System/Library/Frameworks/SwiftData.framework/Modules/SwiftData.swiftcrossimport/CoreData.swiftoverlay -swift-module-cross-import SwiftData /Applications/Xcode.app/Contents/Developer/Platforms/iPhoneSimulator.platform/Developer/SDKs/iPhoneSimulator26.2.sdk/System/Library/Frameworks/SwiftData.framework/Modules/SwiftData.swiftcrossimport/SwiftUI.swiftoverlay -load-resolved-plugin /Applications/Xcode.app/Contents/Developer/Platforms/iPhoneOS.platform/Developer/usr/lib/swift/host/plugins/libFoundationMacros.dylib\#/Applications/Xcode.app/Contents/Developer/Platforms/iPhoneOS.platform/Developer/usr/bin/swift-plugin-server\#FoundationMacros -load-resolved-plugin /Applications/Xcode.app/Contents/Developer/Platforms/iPhoneOS.platform/Developer/usr/lib/swift/host/plugins/libObservationMacros.dylib\#/Applications/Xcode.app/Contents/Developer/Platforms/iPhoneOS.platform/Developer/usr/bin/swift-plugin-server\#ObservationMacros -load-resolved-plugin /Applications/Xcode.app/Contents/Developer/Platforms/iPhoneOS.platform/Developer/usr/lib/swift/host/plugins/libPreviewsMacros.dylib\#/Applications/Xcode.app/Contents/Developer/Platforms/iPhoneOS.platform/Developer/usr/bin/swift-plugin-server\#PreviewsMacros -load-resolved-plugin /Applications/Xcode.app/Contents/Developer/Platforms/iPhoneOS.platform/Developer/usr/lib/swift/host/plugins/libSwiftDataMacros.dylib\#/Applications/Xcode.app/Contents/Developer/Platforms/iPhoneOS.platform/Developer/usr/bin/swift-plugin-server\#SwiftDataMacros -load-resolved-plugin /Applications/Xcode.app/Contents/Developer/Platforms/iPhoneOS.platform/Developer/usr/lib/swift/host/plugins/libSwiftMacros.dylib\#/Applications/Xcode.app/Contents/Developer/Platforms/iPhoneOS.platform/Developer/usr/bin/swift-plugin-server\#SwiftMacros -load-resolved-plugin /Applications/Xcode.app/Contents/Developer/Platforms/iPhoneOS.platform/Developer/usr/lib/swift/host/plugins/libSwiftUIMacros.dylib\#/Applications/Xcode.app/Contents/Developer/Platforms/iPhoneOS.platform/Developer/usr/bin/swift-plugin-server\#SwiftUIMacros -disable-implicit-swift-modules -Xcc -fno-implicit-modules -Xcc -fno-implicit-module-maps -explicit-swift-module-map-file /Users/phoenixwang/Library/Developer/Xcode/DerivedData/PurityHelp-duxeeqbvuykyykcgbcavdxcwhpqb/Build/Intermediates.noindex/PurityHelp.build/Debug-iphonesimulator/PurityHelp.build/Objects-normal/arm64/PurityHelp-dependencies-2.json -Xllvm -aarch64-use-tbi -enable-objc-interop -sdk /Applications/Xcode.app/Contents/Developer/Platforms/iPhoneSimulator.platform/Developer/SDKs/iPhoneSimulator26.2.sdk -I /Users/phoenixwang/Library/Developer/Xcode/DerivedData/PurityHelp-duxeeqbvuykyykcgbcavdxcwhpqb/Build/Products/Debug-iphonesimulator -F /Users/phoenixwang/Library/Developer/Xcode/DerivedData/PurityHelp-duxeeqbvuykyykcgbcavdxcwhpqb/Build/Products/Debug-iphonesimulator -no-color-diagnostics -Xcc -fno-color-diagnostics -enable-testing -g -debug-info-format\=dwarf -dwarf-version\=4 -module-cache-path /Users/phoenixwang/Library/Developer/Xcode/DerivedData/PurityHelp-duxeeqbvuykyykcgbcavdxcwhpqb/Build/Intermediates.noindex/SwiftExplicitPrecompiledModules -swift-version 5 -enforce-exclusivity\=checked -Onone -D DEBUG -serialize-debugging-options -const-gather-protocols-file /Users/phoenixwang/Library/Developer/Xcode/DerivedData/PurityHelp-duxeeqbvuykyykcgbcavdxcwhpqb/Build/Intermediates.noindex/PurityHelp.build/Debug-iphonesimulator/PurityHelp.build/Objects-normal/arm64/PurityHelp_const_extract_protocols.json -enable-experimental-feature DebugDescriptionMacro -enable-bare-slash-regex -empty-abi-descriptor -validate-clang-modules-once -clang-build-session-file /Users/phoenixwang/Library/Developer/Xcode/DerivedData/ModuleCache.noindex/Session.modulevalidation -Xcc -working-directory -Xcc /Users/phoenixwang/purity-help -enable-anonymous-context-mangled-names -file-compilation-dir /Users/phoenixwang/purity-help -Xcc -D_LIBCPP_HARDENING_MODE\=_LIBCPP_HARDENING_MODE_DEBUG -Xcc -ivfsstatcache -Xcc /Users/phoenixwang/Library/Developer/Xcode/DerivedData/SDKStatCaches.noindex/iphonesimulator26.2-23C57-7d00a8b37fbd7999ea79df8ebc024bf0.sdkstatcache -Xcc -I/Users/phoenixwang/Library/Developer/Xcode/DerivedData/PurityHelp-duxeeqbvuykyykcgbcavdxcwhpqb/Build/Intermediates.noindex/PurityHelp.build/Debug-iphonesimulator/PurityHelp.build/swift-overrides.hmap -Xcc -iquote -Xcc /Users/phoenixwang/Library/Developer/Xcode/DerivedData/PurityHelp-duxeeqbvuykyykcgbcavdxcwhpqb/Build/Intermediates.noindex/PurityHelp.build/Debug-iphonesimulator/PurityHelp.build/PurityHelp-generated-files.hmap -Xcc -I/Users/phoenixwang/Library/Developer/Xcode/DerivedData/PurityHelp-duxeeqbvuykyykcgbcavdxcwhpqb/Build/Intermediates.noindex/PurityHelp.build/Debug-iphonesimulator/PurityHelp.build/PurityHelp-own-target-headers.hmap -Xcc -I/Users/phoenixwang/Library/Developer/Xcode/DerivedData/PurityHelp-duxeeqbvuykyykcgbcavdxcwhpqb/Build/Intermediates.noindex/PurityHelp.build/Debug-iphonesimulator/PurityHelp.build/PurityHelp-all-target-headers.hmap -Xcc -iquote -Xcc /Users/phoenixwang/Library/Developer/Xcode/DerivedData/PurityHelp-duxeeqbvuykyykcgbcavdxcwhpqb/Build/Intermediates.noindex/PurityHelp.build/Debug-iphonesimulator/PurityHelp.build/PurityHelp-project-headers.hmap -Xcc -I/Users/phoenixwang/Library/Developer/Xcode/DerivedData/PurityHelp-duxeeqbvuykyykcgbcavdxcwhpqb/Build/Products/Debug-iphonesimulator/include -Xcc -I/Users/phoenixwang/Library/Developer/Xcode/DerivedData/PurityHelp-duxeeqbvuykyykcgbcavdxcwhpqb/Build/Intermediates.noindex/PurityHelp.build/Debug-iphonesimulator/PurityHelp.build/DerivedSources-normal/arm64 -Xcc -I/Users/phoenixwang/Library/Developer/Xcode/DerivedData/PurityHelp-duxeeqbvuykyykcgbcavdxcwhpqb/Build/Intermediates.noindex/PurityHelp.build/Debug-iphonesimulator/PurityHelp.build/DerivedSources/arm64 -Xcc -I/Users/phoenixwang/Library/Developer/Xcode/DerivedData/PurityHelp-duxeeqbvuykyykcgbcavdxcwhpqb/Build/Intermediates.noindex/PurityHelp.build/Debug-iphonesimulator/PurityHelp.build/DerivedSources -Xcc -DDEBUG\=1 -no-auto-bridging-header-chaining -module-name PurityHelp -frontend-parseable-output -disable-clang-spi -target-sdk-version 26.2 -target-sdk-name iphonesimulator26.2 -clang-target arm64-apple-ios26.2-simulator -in-process-plugin-server-path /Applications/Xcode.app/Contents/Developer/Toolchains/XcodeDefault.xctoolchain/usr/lib/swift/host/libSwiftInProcPluginServer.dylib -o /Users/phoenixwang/Library/Developer/Xcode/DerivedData/PurityHelp-duxeeqbvuykyykcgbcavdxcwhpqb/Build/Intermediates.noindex/PurityHelp.build/Debug-iphonesimulator/PurityHelp.build/Objects-normal/arm64/DailyScriptureView.o -o /Users/phoenixwang/Library/Developer/Xcode/DerivedData/PurityHelp-duxeeqbvuykyykcgbcavdxcwhpqb/Build/Intermediates.noindex/PurityHelp.build/Debug-iphonesimulator/PurityHelp.build/Objects-normal/arm64/DangerZoneView.o -o /Users/phoenixwang/Library/Developer/Xcode/DerivedData/PurityHelp-duxeeqbvuykyykcgbcavdxcwhpqb/Build/Intermediates.noindex/PurityHelp.build/Debug-iphonesimulator/PurityHelp.build/Objects-normal/arm64/ExamenEntry.o -o /Users/phoenixwang/Library/Developer/Xcode/DerivedData/PurityHelp-duxeeqbvuykyykcgbcavdxcwhpqb/Build/Intermediates.noindex/PurityHelp.build/Debug-iphonesimulator/PurityHelp.build/Objects-normal/arm64/ExamenHistoryView.o -o /Users/phoenixwang/Library/Developer/Xcode/DerivedData/PurityHelp-duxeeqbvuykyykcgbcavdxcwhpqb/Build/Intermediates.noindex/PurityHelp.build/Debug-iphonesimulator/PurityHelp.build/Objects-normal/arm64/ExamenView.o -o /Users/phoenixwang/Library/Developer/Xcode/DerivedData/PurityHelp-duxeeqbvuykyykcgbcavdxcwhpqb/Build/Intermediates.noindex/PurityHelp.build/Debug-iphonesimulator/PurityHelp.build/Objects-normal/arm64/FullSyncEngine.o -index-unit-output-path /PurityHelp.build/Debug-iphonesimulator/PurityHelp.build/Objects-normal/arm64/DailyScriptureView.o -index-unit-output-path /PurityHelp.build/Debug-iphonesimulator/PurityHelp.build/Objects-normal/arm64/DangerZoneView.o -index-unit-output-path /PurityHelp.build/Debug-iphonesimulator/PurityHelp.build/Objects-normal/arm64/ExamenEntry.o -index-unit-output-path /PurityHelp.build/Debug-iphonesimulator/PurityHelp.build/Objects-normal/arm64/ExamenHistoryView.o -index-unit-output-path /PurityHelp.build/Debug-iphonesimulator/PurityHelp.build/Objects-normal/arm64/ExamenView.o -index-unit-output-path /PurityHelp.build/Debug-iphonesimulator/PurityHelp.build/Objects-normal/arm64/FullSyncEngine.o -index-store-path /Users/phoenixwang/Library/Developer/Xcode/DerivedData/PurityHelp-duxeeqbvuykyykcgbcavdxcwhpqb/Index.noindex/DataStore -index-system-modules

SwiftCompile normal arm64 /Users/phoenixwang/purity-help/PurityHelp/Views/Spiritual/DailyScriptureView.swift (in target 'PurityHelp' from project 'PurityHelp')
    cd /Users/phoenixwang/purity-help
    

SwiftCompile normal arm64 /Users/phoenixwang/purity-help/PurityHelp/Views/Settings/DangerZoneView.swift (in target 'PurityHelp' from project 'PurityHelp')
    cd /Users/phoenixwang/purity-help
    

SwiftCompile normal arm64 /Users/phoenixwang/purity-help/PurityHelp/Models/ExamenEntry.swift (in target 'PurityHelp' from project 'PurityHelp')
    cd /Users/phoenixwang/purity-help
    

SwiftCompile normal arm64 /Users/phoenixwang/purity-help/PurityHelp/Views/Examen/ExamenHistoryView.swift (in target 'PurityHelp' from project 'PurityHelp')
    cd /Users/phoenixwang/purity-help
    

SwiftCompile normal arm64 /Users/phoenixwang/purity-help/PurityHelp/Views/Examen/ExamenView.swift (in target 'PurityHelp' from project 'PurityHelp')
    cd /Users/phoenixwang/purity-help
    

SwiftCompile normal arm64 /Users/phoenixwang/purity-help/PurityHelp/Services/FullSyncEngine.swift (in target 'PurityHelp' from project 'PurityHelp')
    cd /Users/phoenixwang/purity-help
    
/Users/phoenixwang/purity-help/PurityHelp/Services/FullSyncEngine.swift:37:32: error: extra arguments at positions #1, #2 in call
            TransferResetRecord(
                               ^
/Users/phoenixwang/purity-help/PurityHelp/Models/SyncTransferModels.swift:25:8: note: 'init(type:date:optionalNote:triggerTag:)' declared here
struct TransferResetRecord: Codable {
       ^
/Users/phoenixwang/purity-help/PurityHelp/Services/FullSyncEngine.swift:48:28: error: extra arguments at positions #1, #2 in call
            TransferUrgeLog(
                           ^
/Users/phoenixwang/purity-help/PurityHelp/Models/SyncTransferModels.swift:32:8: note: 'init(date:outcome:optionalNote:durationMinutes:quickActionUsed:replaceActivityUsed:)' declared here
struct TransferUrgeLog: Codable {
       ^
/Users/phoenixwang/purity-help/PurityHelp/Services/FullSyncEngine.swift:61:32: error: extra arguments at positions #1, #2 in call
            TransferExamenEntry(
                               ^
/Users/phoenixwang/purity-help/PurityHelp/Models/SyncTransferModels.swift:41:8: note: 'init(date:step1Thanks:step2Light:step3Examine:step4Forgiveness:step5Resolve:howWasToday:)' declared here
struct TransferExamenEntry: Codable {
       ^
/Users/phoenixwang/purity-help/PurityHelp/Services/FullSyncEngine.swift:75:31: error: extra arguments at positions #1, #2 in call
            TransferIfThenPlan(
                              ^
/Users/phoenixwang/purity-help/PurityHelp/Models/SyncTransferModels.swift:51:8: note: 'init(trigger:action:reminderEnabled:createdAt:order:)' declared here
struct TransferIfThenPlan: Codable {
       ^
/Users/phoenixwang/purity-help/PurityHelp/Services/FullSyncEngine.swift:87:33: error: extra arguments at positions #1, #2 in call
            TransferJournalEntry(
                                ^
/Users/phoenixwang/purity-help/PurityHelp/Models/SyncTransferModels.swift:59:8: note: 'init(date:type:optionalText:tags:moodOutcome:durationCompleted:outcome:)' declared here
struct TransferJournalEntry: Codable {
       ^
/Users/phoenixwang/purity-help/PurityHelp/Services/FullSyncEngine.swift:102:24: error: extra argument 'id' in call
                id: $0.id,
~~~~~~~~~~~~~~~~~~~~~~~^~~
/Users/phoenixwang/purity-help/PurityHelp/Services/FullSyncEngine.swift:111:31: error: extra argument 'updatedAt' in call
                updatedAt: $0.updatedAt,
~~~~~~~~~~~~~~~~~~~~~~~~~~~~~~^~~~~~~~~~
/Users/phoenixwang/purity-help/PurityHelp/Services/FullSyncEngine.swift:159:35: error: value of type 'TransferResetRecord' has no member 'id'
            if let l = resetMap[c.id] {
                                ~ ^~
/Users/phoenixwang/purity-help/PurityHelp/Services/FullSyncEngine.swift:160:22: error: value of type 'TransferResetRecord' has no member 'updatedAt'
                if c.updatedAt > l.updatedAt {
                   ~ ^~~~~~~~~
/Users/phoenixwang/purity-help/PurityHelp/Services/FullSyncEngine.swift:165:37: error: value of type 'TransferResetRecord' has no member 'updatedAt'
                    l.updatedAt = c.updatedAt
                                  ~ ^~~~~~~~~
/Users/phoenixwang/purity-help/PurityHelp/Services/FullSyncEngine.swift:168:43: error: value of type 'TransferResetRecord' has no member 'id'
                let r = ResetRecord(id: c.id, updatedAt: c.updatedAt, type: ResetType(rawValue: c.type) ?? .pornography, date: c.date, optionalNote: c.optionalNote, triggerTag: c.triggerTag)
                                        ~ ^~
/Users/phoenixwang/purity-help/PurityHelp/Services/FullSyncEngine.swift:168:60: error: value of type 'TransferResetRecord' has no member 'updatedAt'
                let r = ResetRecord(id: c.id, updatedAt: c.updatedAt, type: ResetType(rawValue: c.type) ?? .pornography, date: c.date, optionalNote: c.optionalNote, triggerTag: c.triggerTag)
                                                         ~ ^~~~~~~~~
/Users/phoenixwang/purity-help/PurityHelp/Services/FullSyncEngine.swift:177:34: error: value of type 'TransferUrgeLog' has no member 'id'
            if let l = urgeMap[c.id] {
                               ~ ^~
/Users/phoenixwang/purity-help/PurityHelp/Services/FullSyncEngine.swift:178:22: error: value of type 'TransferUrgeLog' has no member 'updatedAt'
                if c.updatedAt > l.updatedAt {
                   ~ ^~~~~~~~~
/Users/phoenixwang/purity-help/PurityHelp/Services/FullSyncEngine.swift:185:37: error: value of type 'TransferUrgeLog' has no member 'updatedAt'
                    l.updatedAt = c.updatedAt
                                  ~ ^~~~~~~~~
/Users/phoenixwang/purity-help/PurityHelp/Services/FullSyncEngine.swift:188:39: error: value of type 'TransferUrgeLog' has no member 'id'
                let r = UrgeLog(id: c.id, updatedAt: c.updatedAt, date: c.date, outcome: c.outcome, optionalNote: c.optionalNote, durationMinutes: c.durationMinutes, quickActionUsed: c.quickActionUsed, replaceActivityUsed: c.replaceActivityUsed)
                                    ~ ^~
/Users/phoenixwang/purity-help/PurityHelp/Services/FullSyncEngine.swift:188:56: error: value of type 'TransferUrgeLog' has no member 'updatedAt'
                let r = UrgeLog(id: c.id, updatedAt: c.updatedAt, date: c.date, outcome: c.outcome, optionalNote: c.optionalNote, durationMinutes: c.durationMinutes, quickActionUsed: c.quickActionUsed, replaceActivityUsed: c.replaceActivityUsed)
                                                     ~ ^~~~~~~~~
/Users/phoenixwang/purity-help/PurityHelp/Services/FullSyncEngine.swift:197:36: error: value of type 'TransferExamenEntry' has no member 'id'
            if let l = examenMap[c.id] {
                                 ~ ^~
/Users/phoenixwang/purity-help/PurityHelp/Services/FullSyncEngine.swift:198:22: error: value of type 'TransferExamenEntry' has no member 'updatedAt'
                if c.updatedAt > l.updatedAt {
                   ~ ^~~~~~~~~
/Users/phoenixwang/purity-help/PurityHelp/Services/FullSyncEngine.swift:206:37: error: value of type 'TransferExamenEntry' has no member 'updatedAt'
                    l.updatedAt = c.updatedAt
                                  ~ ^~~~~~~~~
/Users/phoenixwang/purity-help/PurityHelp/Services/FullSyncEngine.swift:209:43: error: value of type 'TransferExamenEntry' has no member 'id'
                let r = ExamenEntry(id: c.id, updatedAt: c.updatedAt, date: c.date, step1Thanks: c.step1Thanks ?? "", step2Light: c.step2Light ?? "", step3Examine: c.step3Examine ?? "", step4Forgiveness: c.step4Forgiveness ?? "", step5Resolve: c.step5Resolve ?? "", howWasToday: c.howWasToday)
                                        ~ ^~
/Users/phoenixwang/purity-help/PurityHelp/Services/FullSyncEngine.swift:209:60: error: value of type 'TransferExamenEntry' has no member 'updatedAt'
                let r = ExamenEntry(id: c.id, updatedAt: c.updatedAt, date: c.date, step1Thanks: c.step1Thanks ?? "", step2Light: c.step2Light ?? "", step3Examine: c.step3Examine ?? "", step4Forgiveness: c.step4Forgiveness ?? "", step5Resolve: c.step5Resolve ?? "", howWasToday: c.howWasToday)
                                                         ~ ^~~~~~~~~
/Users/phoenixwang/purity-help/PurityHelp/Services/FullSyncEngine.swift:218:34: error: value of type 'TransferIfThenPlan' has no member 'id'
            if let l = planMap[c.id] {
                               ~ ^~
/Users/phoenixwang/purity-help/PurityHelp/Services/FullSyncEngine.swift:219:22: error: value of type 'TransferIfThenPlan' has no member 'updatedAt'
                if c.updatedAt > l.updatedAt {
                   ~ ^~~~~~~~~
/Users/phoenixwang/purity-help/PurityHelp/Services/FullSyncEngine.swift:224:37: error: value of type 'TransferIfThenPlan' has no member 'updatedAt'
                    l.updatedAt = c.updatedAt
                                  ~ ^~~~~~~~~
/Users/phoenixwang/purity-help/PurityHelp/Services/FullSyncEngine.swift:227:42: error: value of type 'TransferIfThenPlan' has no member 'id'
                let r = IfThenPlan(id: c.id, updatedAt: c.updatedAt, trigger: c.trigger, action: c.action, reminderEnabled: c.reminderEnabled, createdAt: c.createdAt, order: c.order)
                                       ~ ^~
/Users/phoenixwang/purity-help/PurityHelp/Services/FullSyncEngine.swift:227:59: error: value of type 'TransferIfThenPlan' has no member 'updatedAt'
                let r = IfThenPlan(id: c.id, updatedAt: c.updatedAt, trigger: c.trigger, action: c.action, reminderEnabled: c.reminderEnabled, createdAt: c.createdAt, order: c.order)
                                                        ~ ^~~~~~~~~
/Users/phoenixwang/purity-help/PurityHelp/Services/FullSyncEngine.swift:236:37: error: value of type 'TransferJournalEntry' has no member 'id'
            if let l = journalMap[c.id] {
                                  ~ ^~
/Users/phoenixwang/purity-help/PurityHelp/Services/FullSyncEngine.swift:237:22: error: value of type 'TransferJournalEntry' has no member 'updatedAt'
                if c.updatedAt > l.updatedAt {
                   ~ ^~~~~~~~~
/Users/phoenixwang/purity-help/PurityHelp/Services/FullSyncEngine.swift:245:37: error: value of type 'TransferJournalEntry' has no member 'updatedAt'
                    l.updatedAt = c.updatedAt
                                  ~ ^~~~~~~~~
/Users/phoenixwang/purity-help/PurityHelp/Services/FullSyncEngine.swift:248:44: error: value of type 'TransferJournalEntry' has no member 'id'
                let r = JournalEntry(id: c.id, updatedAt: c.updatedAt, date: c.date, type: JournalEntryType(rawValue: c.type) ?? .urgeLog, optionalText: c.optionalText, tags: c.tags, moodOutcome: c.moodOutcome, durationCompleted: c.durationCompleted, outcome: c.outcome)
                                         ~ ^~
/Users/phoenixwang/purity-help/PurityHelp/Services/FullSyncEngine.swift:248:61: error: value of type 'TransferJournalEntry' has no member 'updatedAt'
                let r = JournalEntry(id: c.id, updatedAt: c.updatedAt, date: c.date, type: JournalEntryType(rawValue: c.type) ?? .urgeLog, optionalText: c.optionalText, tags: c.tags, moodOutcome: c.moodOutcome, durationCompleted: c.durationCompleted, outcome: c.outcome)
                                                          ~ ^~~~~~~~~
/Users/phoenixwang/purity-help/PurityHelp/Services/FullSyncEngine.swift:263:61: error: value of type 'TransferUserMission' has no member 'id'
                context.insert(UserMission(id: cloudMission.id, text: cloudMission.text, updatedAt: cloudMission.updatedAt))
                                               ~~~~~~~~~~~~ ^~
/Users/phoenixwang/purity-help/PurityHelp/Services/FullSyncEngine.swift:272:22: error: value of type 'TransferMemorizedVerse' has no member 'updatedAt'
                if c.updatedAt > l.updatedAt {
                   ~ ^~~~~~~~~
/Users/phoenixwang/purity-help/PurityHelp/Services/FullSyncEngine.swift:278:37: error: value of type 'TransferMemorizedVerse' has no member 'updatedAt'
                    l.updatedAt = c.updatedAt
                                  ~ ^~~~~~~~~
/Users/phoenixwang/purity-help/PurityHelp/Services/FullSyncEngine.swift:281:73: error: value of type 'TransferMemorizedVerse' has no member 'updatedAt'
                let r = MemorizedVerse(verseId: c.verseId, updatedAt: c.updatedAt, status: c.status, lastReviewedDate: c.lastReviewedDate, customReference: c.customReference, customText: c.customText, customTranslation: c.customTranslation)
                                                                      ~ ^~~~~~~~~

SwiftCompile normal arm64 Compiling\ AutoSyncManager.swift,\ BeginAgainView.swift,\ AddVerseSearchSheet.swift,\ AntirrhetikosView.swift,\ AppTheme.swift,\ AudioSanctuaryView.swift /Users/phoenixwang/purity-help/PurityHelp/Services/AutoSyncManager.swift /Users/phoenixwang/purity-help/PurityHelp/Views/Dashboard/BeginAgainView.swift /Users/phoenixwang/purity-help/PurityHelp/Views/Memorization/AddVerseSearchSheet.swift /Users/phoenixwang/purity-help/PurityHelp/Views/Vigil/AntirrhetikosView.swift /Users/phoenixwang/purity-help/PurityHelp/Components/AppTheme.swift /Users/phoenixwang/purity-help/PurityHelp/Views/Vigil/AudioSanctuaryView.swift (in target 'PurityHelp' from project 'PurityHelp')
SwiftCompile normal arm64 /Users/phoenixwang/purity-help/PurityHelp/Services/AutoSyncManager.swift (in target 'PurityHelp' from project 'PurityHelp')
    cd /Users/phoenixwang/purity-help
    

SwiftCompile normal arm64 /Users/phoenixwang/purity-help/PurityHelp/Views/Dashboard/BeginAgainView.swift (in target 'PurityHelp' from project 'PurityHelp')
    cd /Users/phoenixwang/purity-help
    

SwiftCompile normal arm64 /Users/phoenixwang/purity-help/PurityHelp/Views/Memorization/AddVerseSearchSheet.swift (in target 'PurityHelp' from project 'PurityHelp')
    cd /Users/phoenixwang/purity-help
    

SwiftCompile normal arm64 /Users/phoenixwang/purity-help/PurityHelp/Views/Vigil/AntirrhetikosView.swift (in target 'PurityHelp' from project 'PurityHelp')
    cd /Users/phoenixwang/purity-help
    

SwiftCompile normal arm64 /Users/phoenixwang/purity-help/PurityHelp/Components/AppTheme.swift (in target 'PurityHelp' from project 'PurityHelp')
    cd /Users/phoenixwang/purity-help
    

SwiftCompile normal arm64 /Users/phoenixwang/purity-help/PurityHelp/Views/Vigil/AudioSanctuaryView.swift (in target 'PurityHelp' from project 'PurityHelp')
    cd /Users/phoenixwang/purity-help
    

SwiftCompile normal arm64 Compiling\ PartnersView.swift,\ PurityHelpApp.swift,\ PurityTreeView.swift,\ ReciteVerseView.swift,\ ReleaseView.swift /Users/phoenixwang/purity-help/PurityHelp/Views/Partners/PartnersView.swift /Users/phoenixwang/purity-help/PurityHelp/PurityHelpApp.swift /Users/phoenixwang/purity-help/PurityHelp/Components/PurityTreeView.swift /Users/phoenixwang/purity-help/PurityHelp/Views/Memorization/ReciteVerseView.swift /Users/phoenixwang/purity-help/PurityHelp/Views/Vigil/ReleaseView.swift (in target 'PurityHelp' from project 'PurityHelp')
SwiftCompile normal arm64 /Users/phoenixwang/purity-help/PurityHelp/Views/Partners/PartnersView.swift (in target 'PurityHelp' from project 'PurityHelp')
    cd /Users/phoenixwang/purity-help
    

SwiftCompile normal arm64 /Users/phoenixwang/purity-help/PurityHelp/PurityHelpApp.swift (in target 'PurityHelp' from project 'PurityHelp')
    cd /Users/phoenixwang/purity-help
    

SwiftCompile normal arm64 /Users/phoenixwang/purity-help/PurityHelp/Components/PurityTreeView.swift (in target 'PurityHelp' from project 'PurityHelp')
    cd /Users/phoenixwang/purity-help
    

SwiftCompile normal arm64 /Users/phoenixwang/purity-help/PurityHelp/Views/Memorization/ReciteVerseView.swift (in target 'PurityHelp' from project 'PurityHelp')
    cd /Users/phoenixwang/purity-help
    

SwiftCompile normal arm64 /Users/phoenixwang/purity-help/PurityHelp/Views/Vigil/ReleaseView.swift (in target 'PurityHelp' from project 'PurityHelp')
    cd /Users/phoenixwang/purity-help
    

SwiftEmitModule normal x86_64 Emitting\ module\ for\ PurityHelp (in target 'PurityHelp' from project 'PurityHelp')

EmitSwiftModule normal x86_64 (in target 'PurityHelp' from project 'PurityHelp')
    cd /Users/phoenixwang/purity-help
    

SwiftCompile normal arm64 Compiling\ LitanyView.swift,\ LogismoiSelectorView.swift,\ MeditateOnWordView.swift,\ MemorizedVerse.swift,\ MissionView.swift /Users/phoenixwang/purity-help/PurityHelp/Views/Vigil/LitanyView.swift /Users/phoenixwang/purity-help/PurityHelp/Views/Vigil/LogismoiSelectorView.swift /Users/phoenixwang/purity-help/PurityHelp/Views/Spiritual/MeditateOnWordView.swift /Users/phoenixwang/purity-help/PurityHelp/Models/MemorizedVerse.swift /Users/phoenixwang/purity-help/PurityHelp/Views/Settings/MissionView.swift (in target 'PurityHelp' from project 'PurityHelp')

SwiftCompile normal arm64 /Users/phoenixwang/purity-help/PurityHelp/Views/Vigil/LitanyView.swift (in target 'PurityHelp' from project 'PurityHelp')
    cd /Users/phoenixwang/purity-help
    

SwiftCompile normal arm64 /Users/phoenixwang/purity-help/PurityHelp/Views/Vigil/LogismoiSelectorView.swift (in target 'PurityHelp' from project 'PurityHelp')
    cd /Users/phoenixwang/purity-help
    

SwiftCompile normal arm64 /Users/phoenixwang/purity-help/PurityHelp/Views/Spiritual/MeditateOnWordView.swift (in target 'PurityHelp' from project 'PurityHelp')
    cd /Users/phoenixwang/purity-help
    

SwiftCompile normal arm64 /Users/phoenixwang/purity-help/PurityHelp/Models/MemorizedVerse.swift (in target 'PurityHelp' from project 'PurityHelp')
    cd /Users/phoenixwang/purity-help
    

SwiftCompile normal arm64 /Users/phoenixwang/purity-help/PurityHelp/Views/Settings/MissionView.swift (in target 'PurityHelp' from project 'PurityHelp')
    cd /Users/phoenixwang/purity-help
    

SwiftCompile normal arm64 Compiling\ UrgeInsightsView.swift,\ UrgeLog.swift,\ UrgeMomentView.swift,\ UrgeSurfingGuide.swift,\ UserMission.swift /Users/phoenixwang/purity-help/PurityHelp/Views/Settings/UrgeInsightsView.swift /Users/phoenixwang/purity-help/PurityHelp/Models/UrgeLog.swift /Users/phoenixwang/purity-help/PurityHelp/Views/UrgeMoment/UrgeMomentView.swift /Users/phoenixwang/purity-help/PurityHelp/Components/UrgeSurfingGuide.swift /Users/phoenixwang/purity-help/PurityHelp/Models/UserMission.swift (in target 'PurityHelp' from project 'PurityHelp')

SwiftCompile normal arm64 /Users/phoenixwang/purity-help/PurityHelp/Views/Settings/UrgeInsightsView.swift (in target 'PurityHelp' from project 'PurityHelp')
    cd /Users/phoenixwang/purity-help
    

SwiftCompile normal arm64 /Users/phoenixwang/purity-help/PurityHelp/Models/UrgeLog.swift (in target 'PurityHelp' from project 'PurityHelp')
    cd /Users/phoenixwang/purity-help
    

SwiftCompile normal arm64 /Users/phoenixwang/purity-help/PurityHelp/Views/UrgeMoment/UrgeMomentView.swift (in target 'PurityHelp' from project 'PurityHelp')
    cd /Users/phoenixwang/purity-help
    

SwiftCompile normal arm64 /Users/phoenixwang/purity-help/PurityHelp/Components/UrgeSurfingGuide.swift (in target 'PurityHelp' from project 'PurityHelp')
    cd /Users/phoenixwang/purity-help
    

SwiftCompile normal arm64 /Users/phoenixwang/purity-help/PurityHelp/Models/UserMission.swift (in target 'PurityHelp' from project 'PurityHelp')
    cd /Users/phoenixwang/purity-help
    

SwiftCompile normal x86_64 Compiling\ PartnersView.swift,\ PurityHelpApp.swift,\ PurityTreeView.swift,\ ReciteVerseView.swift,\ ReleaseView.swift /Users/phoenixwang/purity-help/PurityHelp/Views/Partners/PartnersView.swift /Users/phoenixwang/purity-help/PurityHelp/PurityHelpApp.swift /Users/phoenixwang/purity-help/PurityHelp/Components/PurityTreeView.swift /Users/phoenixwang/purity-help/PurityHelp/Views/Memorization/ReciteVerseView.swift /Users/phoenixwang/purity-help/PurityHelp/Views/Vigil/ReleaseView.swift (in target 'PurityHelp' from project 'PurityHelp')

